{"meta": {"format": 3, "version": "7.11.0", "timestamp": "2025-10-24T14:34:23.532029", "branch_coverage": true, "show_contexts": false}, "files": {"src/pyvider/cty/__init__.py": {"executed_lines": [6, 8, 9, 10, 21, 22, 23, 38, 40, 45], "summary": {"covered_lines": 10, "num_statements": 10, "percent_covered": 100.0, "percent_covered_display": "100", "missing_lines": 0, "excluded_lines": 0, "num_branches": 0, "num_partial_branches": 0, "covered_branches": 0, "missing_branches": 0}, "missing_lines": [], "excluded_lines": [], "executed_branches": [], "missing_branches": [], "functions": {"": {"executed_lines": [6, 8, 9, 10, 21, 22, 23, 38, 40, 45], "summary": {"covered_lines": 10, "num_statements": 10, "percent_covered": 100.0, "percent_covered_display": "100", "missing_lines": 0, "excluded_lines": 0, "num_branches": 0, "num_partial_branches": 0, "covered_branches": 0, "missing_branches": 0}, "missing_lines": [], "excluded_lines": [], "executed_branches": [], "missing_branches": []}}, "classes": {"": {"executed_lines": [6, 8, 9, 10, 21, 22, 23, 38, 40, 45], "summary": {"covered_lines": 10, "num_statements": 10, "percent_covered": 100.0, "percent_covered_display": "100", "missing_lines": 0, "excluded_lines": 0, "num_branches": 0, "num_partial_branches": 0, "covered_branches": 0, "missing_branches": 0}, "missing_lines": [], "excluded_lines": [], "executed_branches": [], "missing_branches": []}}}, "src/pyvider/cty/_version.py": {"executed_lines": [6, 8, 10, 15, 17], "summary": {"covered_lines": 5, "num_statements": 5, "percent_covered": 100.0, "percent_covered_display": "100", "missing_lines": 0, "excluded_lines": 0, "num_branches": 0, "num_partial_branches": 0, "covered_branches": 0, "missing_branches": 0}, "missing_lines": [], "excluded_lines": [], "executed_branches": [], "missing_branches": [], "functions": {"": {"executed_lines": [6, 8, 10, 15, 17], "summary": {"covered_lines": 5, "num_statements": 5, "percent_covered": 100.0, "percent_covered_display": "100", "missing_lines": 0, "excluded_lines": 0, "num_branches": 0, "num_partial_branches": 0, "covered_branches": 0, "missing_branches": 0}, "missing_lines": [], "excluded_lines": [], "executed_branches": [], "missing_branches": []}}, "classes": {"": {"executed_lines": [6, 8, 10, 15, 17], "summary": {"covered_lines": 5, "num_statements": 5, "percent_covered": 100.0, "percent_covered_display": "100", "missing_lines": 0, "excluded_lines": 0, "num_branches": 0, "num_partial_branches": 0, "covered_branches": 0, "missing_branches": 0}, "missing_lines": [], "excluded_lines": [], "executed_branches": [], "missing_branches": []}}}, "src/pyvider/cty/codec.py": {"executed_lines": [6, 8, 9, 10, 12, 13, 15, 37, 38, 43, 44, 53, 54, 61, 63, 64, 68, 70, 72, 73, 74, 75, 76, 77, 81, 82, 86, 87, 88, 89, 91, 94, 96, 97, 98, 99, 100, 101, 102, 105, 106, 107, 108, 109, 110, 111, 113, 116, 117, 118, 119, 120, 121, 122, 123, 124, 125, 126, 127, 128, 129, 130, 131, 132, 133, 134, 135, 136, 137, 140, 141, 142, 148, 149, 151, 152, 153, 156, 158, 159, 160, 165, 167, 168, 169, 172, 174, 175, 176, 181, 184, 186, 187, 188, 191, 197, 199, 200, 202, 203, 205, 206, 209, 210, 212, 216, 227, 228, 233, 234, 235, 237, 240, 243, 244, 247, 251, 254, 255, 256, 257, 258, 259, 260, 261, 262, 264, 265, 266, 267, 268, 269, 270, 271, 272, 273, 274, 275, 276, 279, 280, 282, 283, 286, 287, 296, 297, 302, 305, 306, 307, 308, 309, 310, 313, 314, 322, 323, 324, 331, 337, 338, 339, 340, 341, 342, 343, 344, 345, 347], "summary": {"covered_lines": 170, "num_statements": 174, "percent_covered": 96.89922480620154, "percent_covered_display": "97", "missing_lines": 4, "excluded_lines": 0, "num_branches": 84, "num_partial_branches": 4, "covered_branches": 80, "missing_branches": 4}, "missing_lines": [65, 143, 248, 281], "excluded_lines": [], "executed_branches": [[63, 64], [72, 73], [72, 74], [74, 75], [74, 76], [76, 77], [76, 81], [81, 82], [81, 86], [86, 87], [86, 88], [88, 89], [88, 91], [107, 108], [107, 109], [109, 110], [109, 111], [117, 118], [117, 119], [120, 121], [120, 122], [122, 123], [122, 124], [124, 125], [124, 127], [127, 128], [127, 130], [130, 131], [130, 132], [132, 133], [132, 134], [134, 135], [134, 136], [142, 148], [158, 159], [158, 160], [167, 168], [167, 169], [174, 175], [174, 176], [186, 187], [186, 188], [205, 206], [205, 216], [209, 210], [209, 212], [233, 234], [233, 240], [235, 237], [235, 240], [243, 244], [243, 247], [247, 251], [255, 256], [255, 257], [257, 258], [257, 259], [259, 260], [259, 261], [261, 262], [261, 264], [265, 266], [265, 267], [267, 268], [267, 269], [269, 270], [269, 272], [272, 273], [272, 274], [274, 275], [274, 276], [280, 282], [306, 307], [306, 308], [308, 309], [308, 310], [322, 323], [322, 324], [331, 337], [331, 347]], "missing_branches": [[63, 65], [142, 143], [247, 248], [280, 281]], "functions": {"_decode_number_value": {"executed_lines": [63, 64], "summary": {"covered_lines": 2, "num_statements": 3, "percent_covered": 60.0, "percent_covered_display": "60", "missing_lines": 1, "excluded_lines": 0, "num_branches": 2, "num_partial_branches": 1, "covered_branches": 1, "missing_branches": 1}, "missing_lines": [65], "excluded_lines": [], "executed_branches": [[63, 64]], "missing_branches": [[63, 65]]}, "_extract_refinements_from_payload": {"executed_lines": [70, 72, 73, 74, 75, 76, 77, 81, 82, 86, 87, 88, 89, 91], "summary": {"covered_lines": 14, "num_statements": 14, "percent_covered": 100.0, "percent_covered_display": "100", "missing_lines": 0, "excluded_lines": 0, "num_branches": 12, "num_partial_branches": 0, "covered_branches": 12, "missing_branches": 0}, "missing_lines": [], "excluded_lines": [], "executed_branches": [[72, 73], [72, 74], [74, 75], [74, 76], [76, 77], [76, 81], [81, 82], [81, 86], [86, 87], [86, 88], [88, 89], [88, 91]], "missing_branches": []}, "_decode_refined_unknown_payload": {"executed_lines": [96, 97, 98, 99, 100, 101, 102], "summary": {"covered_lines": 7, "num_statements": 7, "percent_covered": 100.0, "percent_covered_display": "100", "missing_lines": 0, "excluded_lines": 0, "num_branches": 0, "num_partial_branches": 0, "covered_branches": 0, "missing_branches": 0}, "missing_lines": [], "excluded_lines": [], "executed_branches": [], "missing_branches": []}, "_ext_hook": {"executed_lines": [106, 107, 108, 109, 110, 111, 113], "summary": {"covered_lines": 7, "num_statements": 7, "percent_covered": 100.0, "percent_covered_display": "100", "missing_lines": 0, "excluded_lines": 0, "num_branches": 4, "num_partial_branches": 0, "covered_branches": 4, "missing_branches": 0}, "missing_lines": [], "excluded_lines": [], "executed_branches": [[107, 108], [107, 109], [109, 110], [109, 111]], "missing_branches": []}, "_serialize_unknown": {"executed_lines": [117, 118, 119, 120, 121, 122, 123, 124, 125, 126, 127, 128, 129, 130, 131, 132, 133, 134, 135, 136, 137], "summary": {"covered_lines": 21, "num_statements": 21, "percent_covered": 100.0, "percent_covered_display": "100", "missing_lines": 0, "excluded_lines": 0, "num_branches": 16, "num_partial_branches": 0, "covered_branches": 16, "missing_branches": 0}, "missing_lines": [], "excluded_lines": [], "executed_branches": [[117, 118], [117, 119], [120, 121], [120, 122], [122, 123], [122, 124], [124, 125], [124, 127], [127, 128], [127, 130], [130, 131], [130, 132], [132, 133], [132, 134], [134, 135], [134, 136]], "missing_branches": []}, "_serialize_dynamic": {"executed_lines": [141, 142, 148, 149, 151, 152, 153], "summary": {"covered_lines": 7, "num_statements": 8, "percent_covered": 80.0, "percent_covered_display": "80", "missing_lines": 1, "excluded_lines": 0, "num_branches": 2, "num_partial_branches": 1, "covered_branches": 1, "missing_branches": 1}, "missing_lines": [143], "excluded_lines": [], "executed_branches": [[142, 148]], "missing_branches": [[142, 143]]}, "_serialize_object_value": {"executed_lines": [158, 159, 160], "summary": {"covered_lines": 3, "num_statements": 3, "percent_covered": 100.0, "percent_covered_display": "100", "missing_lines": 0, "excluded_lines": 0, "num_branches": 2, "num_partial_branches": 0, "covered_branches": 2, "missing_branches": 0}, "missing_lines": [], "excluded_lines": [], "executed_branches": [[158, 159], [158, 160]], "missing_branches": []}, "_serialize_map_value": {"executed_lines": [167, 168, 169], "summary": {"covered_lines": 3, "num_statements": 3, "percent_covered": 100.0, "percent_covered_display": "100", "missing_lines": 0, "excluded_lines": 0, "num_branches": 2, "num_partial_branches": 0, "covered_branches": 2, "missing_branches": 0}, "missing_lines": [], "excluded_lines": [], "executed_branches": [[167, 168], [167, 169]], "missing_branches": []}, "_serialize_collection_value": {"executed_lines": [174, 175, 176, 181], "summary": {"covered_lines": 4, "num_statements": 4, "percent_covered": 100.0, "percent_covered_display": "100", "missing_lines": 0, "excluded_lines": 0, "num_branches": 2, "num_partial_branches": 0, "covered_branches": 2, "missing_branches": 0}, "missing_lines": [], "excluded_lines": [], "executed_branches": [[174, 175], [174, 176]], "missing_branches": []}, "_serialize_tuple_value": {"executed_lines": [186, 187, 188], "summary": {"covered_lines": 3, "num_statements": 3, "percent_covered": 100.0, "percent_covered_display": "100", "missing_lines": 0, "excluded_lines": 0, "num_branches": 2, "num_partial_branches": 0, "covered_branches": 2, "missing_branches": 0}, "missing_lines": [], "excluded_lines": [], "executed_branches": [[186, 187], [186, 188]], "missing_branches": []}, "_serialize_decimal_value": {"executed_lines": [197, 199, 200, 202, 203, 205, 206, 209, 210, 212, 216, 227, 228, 233, 234, 235, 237, 240, 243, 244, 247, 251], "summary": {"covered_lines": 22, "num_statements": 23, "percent_covered": 94.28571428571429, "percent_covered_display": "94", "missing_lines": 1, "excluded_lines": 0, "num_branches": 12, "num_partial_branches": 1, "covered_branches": 11, "missing_branches": 1}, "missing_lines": [248], "excluded_lines": [], "executed_branches": [[205, 206], [205, 216], [209, 210], [209, 212], [233, 234], [233, 240], [235, 237], [235, 240], [243, 244], [243, 247], [247, 251]], "missing_branches": [[247, 248]]}, "_convert_value_to_serializable": {"executed_lines": [255, 256, 257, 258, 259, 260, 261, 262, 264, 265, 266, 267, 268, 269, 270, 271, 272, 273, 274, 275, 276], "summary": {"covered_lines": 21, "num_statements": 21, "percent_covered": 100.0, "percent_covered_display": "100", "missing_lines": 0, "excluded_lines": 0, "num_branches": 18, "num_partial_branches": 0, "covered_branches": 18, "missing_branches": 0}, "missing_lines": [], "excluded_lines": [], "executed_branches": [[255, 256], [255, 257], [257, 258], [257, 259], [259, 260], [259, 261], [261, 262], [261, 264], [265, 266], [265, 267], [267, 268], [267, 269], [269, 270], [269, 272], [272, 273], [272, 274], [274, 275], [274, 276]], "missing_branches": []}, "_msgpack_default_handler": {"executed_lines": [280, 282, 283], "summary": {"covered_lines": 3, "num_statements": 4, "percent_covered": 66.66666666666667, "percent_covered_display": "67", "missing_lines": 1, "excluded_lines": 0, "num_branches": 2, "num_partial_branches": 1, "covered_branches": 1, "missing_branches": 1}, "missing_lines": [281], "excluded_lines": [], "executed_branches": [[280, 282]], "missing_branches": [[280, 281]]}, "cty_to_msgpack": {"executed_lines": [287, 296, 297, 302], "summary": {"covered_lines": 4, "num_statements": 4, "percent_covered": 100.0, "percent_covered_display": "100", "missing_lines": 0, "excluded_lines": 0, "num_branches": 0, "num_partial_branches": 0, "covered_branches": 0, "missing_branches": 0}, "missing_lines": [], "excluded_lines": [], "executed_branches": [], "missing_branches": []}, "_unpacked_to_cty": {"executed_lines": [306, 307, 308, 309, 310], "summary": {"covered_lines": 5, "num_statements": 5, "percent_covered": 100.0, "percent_covered_display": "100", "missing_lines": 0, "excluded_lines": 0, "num_branches": 4, "num_partial_branches": 0, "covered_branches": 4, "missing_branches": 0}, "missing_lines": [], "excluded_lines": [], "executed_branches": [[306, 307], [306, 308], [308, 309], [308, 310]], "missing_branches": []}, "cty_from_msgpack": {"executed_lines": [314, 322, 323, 324, 331, 337, 338, 339, 340, 341, 342, 343, 344, 345, 347], "summary": {"covered_lines": 15, "num_statements": 15, "percent_covered": 100.0, "percent_covered_display": "100", "missing_lines": 0, "excluded_lines": 0, "num_branches": 4, "num_partial_branches": 0, "covered_branches": 4, "missing_branches": 0}, "missing_lines": [], "excluded_lines": [], "executed_branches": [[322, 323], [322, 324], [331, 337], [331, 347]], "missing_branches": []}, "": {"executed_lines": [6, 8, 9, 10, 12, 13, 15, 37, 38, 43, 44, 53, 54, 61, 68, 94, 105, 116, 140, 156, 165, 172, 184, 191, 254, 279, 286, 305, 313], "summary": {"covered_lines": 29, "num_statements": 29, "percent_covered": 100.0, "percent_covered_display": "100", "missing_lines": 0, "excluded_lines": 0, "num_branches": 0, "num_partial_branches": 0, "covered_branches": 0, "missing_branches": 0}, "missing_lines": [], "excluded_lines": [], "executed_branches": [], "missing_branches": []}}, "classes": {"": {"executed_lines": [6, 8, 9, 10, 12, 13, 15, 37, 38, 43, 44, 53, 54, 61, 63, 64, 68, 70, 72, 73, 74, 75, 76, 77, 81, 82, 86, 87, 88, 89, 91, 94, 96, 97, 98, 99, 100, 101, 102, 105, 106, 107, 108, 109, 110, 111, 113, 116, 117, 118, 119, 120, 121, 122, 123, 124, 125, 126, 127, 128, 129, 130, 131, 132, 133, 134, 135, 136, 137, 140, 141, 142, 148, 149, 151, 152, 153, 156, 158, 159, 160, 165, 167, 168, 169, 172, 174, 175, 176, 181, 184, 186, 187, 188, 191, 197, 199, 200, 202, 203, 205, 206, 209, 210, 212, 216, 227, 228, 233, 234, 235, 237, 240, 243, 244, 247, 251, 254, 255, 256, 257, 258, 259, 260, 261, 262, 264, 265, 266, 267, 268, 269, 270, 271, 272, 273, 274, 275, 276, 279, 280, 282, 283, 286, 287, 296, 297, 302, 305, 306, 307, 308, 309, 310, 313, 314, 322, 323, 324, 331, 337, 338, 339, 340, 341, 342, 343, 344, 345, 347], "summary": {"covered_lines": 170, "num_statements": 174, "percent_covered": 96.89922480620154, "percent_covered_display": "97", "missing_lines": 4, "excluded_lines": 0, "num_branches": 84, "num_partial_branches": 4, "covered_branches": 80, "missing_branches": 4}, "missing_lines": [65, 143, 248, 281], "excluded_lines": [], "executed_branches": [[63, 64], [72, 73], [72, 74], [74, 75], [74, 76], [76, 77], [76, 81], [81, 82], [81, 86], [86, 87], [86, 88], [88, 89], [88, 91], [107, 108], [107, 109], [109, 110], [109, 111], [117, 118], [117, 119], [120, 121], [120, 122], [122, 123], [122, 124], [124, 125], [124, 127], [127, 128], [127, 130], [130, 131], [130, 132], [132, 133], [132, 134], [134, 135], [134, 136], [142, 148], [158, 159], [158, 160], [167, 168], [167, 169], [174, 175], [174, 176], [186, 187], [186, 188], [205, 206], [205, 216], [209, 210], [209, 212], [233, 234], [233, 240], [235, 237], [235, 240], [243, 244], [243, 247], [247, 251], [255, 256], [255, 257], [257, 258], [257, 259], [259, 260], [259, 261], [261, 262], [261, 264], [265, 266], [265, 267], [267, 268], [267, 269], [269, 270], [269, 272], [272, 273], [272, 274], [274, 275], [274, 276], [280, 282], [306, 307], [306, 308], [308, 309], [308, 310], [322, 323], [322, 324], [331, 337], [331, 347]], "missing_branches": [[63, 65], [142, 143], [247, 248], [280, 281]]}}}, "src/pyvider/cty/config/__init__.py": {"executed_lines": [6, 8], "summary": {"covered_lines": 2, "num_statements": 2, "percent_covered": 100.0, "percent_covered_display": "100", "missing_lines": 0, "excluded_lines": 0, "num_branches": 0, "num_partial_branches": 0, "covered_branches": 0, "missing_branches": 0}, "missing_lines": [], "excluded_lines": [], "executed_branches": [], "missing_branches": [], "functions": {"": {"executed_lines": [6, 8], "summary": {"covered_lines": 2, "num_statements": 2, "percent_covered": 100.0, "percent_covered_display": "100", "missing_lines": 0, "excluded_lines": 0, "num_branches": 0, "num_partial_branches": 0, "covered_branches": 0, "missing_branches": 0}, "missing_lines": [], "excluded_lines": [], "executed_branches": [], "missing_branches": []}}, "classes": {"": {"executed_lines": [6, 8], "summary": {"covered_lines": 2, "num_statements": 2, "percent_covered": 100.0, "percent_covered_display": "100", "missing_lines": 0, "excluded_lines": 0, "num_branches": 0, "num_partial_branches": 0, "covered_branches": 0, "missing_branches": 0}, "missing_lines": [], "excluded_lines": [], "executed_branches": [], "missing_branches": []}}}, "src/pyvider/cty/config/defaults.py": {"executed_lines": [6, 8, 15, 20, 21, 22, 27, 28, 29, 30, 31, 34, 35, 36, 37, 38, 39, 44, 45, 46, 51, 52, 57, 67, 68, 69, 70, 71, 76, 77, 78, 83, 84, 85, 86, 91, 92, 93, 94, 95, 101, 102, 103, 104, 105, 106, 107, 108, 109, 110, 111, 112, 113, 114, 115, 118, 119, 120, 123, 124, 125, 126, 127, 130, 131, 132, 133, 134, 135, 136, 137, 138, 139, 140, 141, 142, 145, 146, 147, 148, 149, 150, 151, 152, 153, 154, 155, 156, 157, 158, 163, 164, 165, 166, 167, 170, 171, 172, 173, 174, 175, 176, 177, 180, 181, 182, 183, 184, 185, 186, 187, 188, 191, 192, 193, 194, 195, 196, 197, 198, 199, 200, 205, 206, 207, 208, 209, 210, 211, 214, 215, 216, 217, 220, 221, 222, 223, 224, 225, 226, 227, 228, 229, 230, 231, 232, 233, 234, 235, 236, 237, 238, 239, 242, 243, 244, 245, 246, 247, 248, 249, 250, 251, 252, 253, 254, 255, 256, 257, 260, 261, 262, 263, 264, 265, 268, 269, 270, 271, 272, 273, 274, 277, 278, 279, 280, 281, 282, 283, 286, 287, 288, 289, 290, 291, 292, 293, 294, 295, 296, 297, 300, 301, 302, 305, 306, 309, 310, 311, 312, 313, 316, 317, 318, 319, 320, 323, 324, 325, 328, 329, 330, 333, 334, 337, 338, 339, 340, 341, 342, 345, 348, 351, 352, 353], "summary": {"covered_lines": 235, "num_statements": 235, "percent_covered": 100.0, "percent_covered_display": "100", "missing_lines": 0, "excluded_lines": 0, "num_branches": 0, "num_partial_branches": 0, "covered_branches": 0, "missing_branches": 0}, "missing_lines": [], "excluded_lines": [], "executed_branches": [], "missing_branches": [], "functions": {"": {"executed_lines": [6, 8, 15, 20, 21, 22, 27, 28, 29, 30, 31, 34, 35, 36, 37, 38, 39, 44, 45, 46, 51, 52, 57, 67, 68, 69, 70, 71, 76, 77, 78, 83, 84, 85, 86, 91, 92, 93, 94, 95, 101, 102, 103, 104, 105, 106, 107, 108, 109, 110, 111, 112, 113, 114, 115, 118, 119, 120, 123, 124, 125, 126, 127, 130, 131, 132, 133, 134, 135, 136, 137, 138, 139, 140, 141, 142, 145, 146, 147, 148, 149, 150, 151, 152, 153, 154, 155, 156, 157, 158, 163, 164, 165, 166, 167, 170, 171, 172, 173, 174, 175, 176, 177, 180, 181, 182, 183, 184, 185, 186, 187, 188, 191, 192, 193, 194, 195, 196, 197, 198, 199, 200, 205, 206, 207, 208, 209, 210, 211, 214, 215, 216, 217, 220, 221, 222, 223, 224, 225, 226, 227, 228, 229, 230, 231, 232, 233, 234, 235, 236, 237, 238, 239, 242, 243, 244, 245, 246, 247, 248, 249, 250, 251, 252, 253, 254, 255, 256, 257, 260, 261, 262, 263, 264, 265, 268, 269, 270, 271, 272, 273, 274, 277, 278, 279, 280, 281, 282, 283, 286, 287, 288, 289, 290, 291, 292, 293, 294, 295, 296, 297, 300, 301, 302, 305, 306, 309, 310, 311, 312, 313, 316, 317, 318, 319, 320, 323, 324, 325, 328, 329, 330, 333, 334, 337, 338, 339, 340, 341, 342, 345, 348, 351, 352, 353], "summary": {"covered_lines": 235, "num_statements": 235, "percent_covered": 100.0, "percent_covered_display": "100", "missing_lines": 0, "excluded_lines": 0, "num_branches": 0, "num_partial_branches": 0, "covered_branches": 0, "missing_branches": 0}, "missing_lines": [], "excluded_lines": [], "executed_branches": [], "missing_branches": []}}, "classes": {"": {"executed_lines": [6, 8, 15, 20, 21, 22, 27, 28, 29, 30, 31, 34, 35, 36, 37, 38, 39, 44, 45, 46, 51, 52, 57, 67, 68, 69, 70, 71, 76, 77, 78, 83, 84, 85, 86, 91, 92, 93, 94, 95, 101, 102, 103, 104, 105, 106, 107, 108, 109, 110, 111, 112, 113, 114, 115, 118, 119, 120, 123, 124, 125, 126, 127, 130, 131, 132, 133, 134, 135, 136, 137, 138, 139, 140, 141, 142, 145, 146, 147, 148, 149, 150, 151, 152, 153, 154, 155, 156, 157, 158, 163, 164, 165, 166, 167, 170, 171, 172, 173, 174, 175, 176, 177, 180, 181, 182, 183, 184, 185, 186, 187, 188, 191, 192, 193, 194, 195, 196, 197, 198, 199, 200, 205, 206, 207, 208, 209, 210, 211, 214, 215, 216, 217, 220, 221, 222, 223, 224, 225, 226, 227, 228, 229, 230, 231, 232, 233, 234, 235, 236, 237, 238, 239, 242, 243, 244, 245, 246, 247, 248, 249, 250, 251, 252, 253, 254, 255, 256, 257, 260, 261, 262, 263, 264, 265, 268, 269, 270, 271, 272, 273, 274, 277, 278, 279, 280, 281, 282, 283, 286, 287, 288, 289, 290, 291, 292, 293, 294, 295, 296, 297, 300, 301, 302, 305, 306, 309, 310, 311, 312, 313, 316, 317, 318, 319, 320, 323, 324, 325, 328, 329, 330, 333, 334, 337, 338, 339, 340, 341, 342, 345, 348, 351, 352, 353], "summary": {"covered_lines": 235, "num_statements": 235, "percent_covered": 100.0, "percent_covered_display": "100", "missing_lines": 0, "excluded_lines": 0, "num_branches": 0, "num_partial_branches": 0, "covered_branches": 0, "missing_branches": 0}, "missing_lines": [], "excluded_lines": [], "executed_branches": [], "missing_branches": []}}}, "src/pyvider/cty/config/runtime.py": {"executed_lines": [6, 8, 10, 11, 13, 15, 18, 19, 20, 26, 31, 32, 38], "summary": {"covered_lines": 12, "num_statements": 12, "percent_covered": 100.0, "percent_covered_display": "100", "missing_lines": 0, "excluded_lines": 0, "num_branches": 0, "num_partial_branches": 0, "covered_branches": 0, "missing_branches": 0}, "missing_lines": [], "excluded_lines": [], "executed_branches": [], "missing_branches": [], "functions": {"CtyConfig.get_current": {"executed_lines": [38], "summary": {"covered_lines": 1, "num_statements": 1, "percent_covered": 100.0, "percent_covered_display": "100", "missing_lines": 0, "excluded_lines": 0, "num_branches": 0, "num_partial_branches": 0, "covered_branches": 0, "missing_branches": 0}, "missing_lines": [], "excluded_lines": [], "executed_branches": [], "missing_branches": []}, "": {"executed_lines": [6, 8, 10, 11, 13, 15, 18, 19, 20, 26, 31, 32], "summary": {"covered_lines": 11, "num_statements": 11, "percent_covered": 100.0, "percent_covered_display": "100", "missing_lines": 0, "excluded_lines": 0, "num_branches": 0, "num_partial_branches": 0, "covered_branches": 0, "missing_branches": 0}, "missing_lines": [], "excluded_lines": [], "executed_branches": [], "missing_branches": []}}, "classes": {"CtyConfig": {"executed_lines": [38], "summary": {"covered_lines": 1, "num_statements": 1, "percent_covered": 100.0, "percent_covered_display": "100", "missing_lines": 0, "excluded_lines": 0, "num_branches": 0, "num_partial_branches": 0, "covered_branches": 0, "missing_branches": 0}, "missing_lines": [], "excluded_lines": [], "executed_branches": [], "missing_branches": []}, "": {"executed_lines": [6, 8, 10, 11, 13, 15, 18, 19, 20, 26, 31, 32], "summary": {"covered_lines": 11, "num_statements": 11, "percent_covered": 100.0, "percent_covered_display": "100", "missing_lines": 0, "excluded_lines": 0, "num_branches": 0, "num_partial_branches": 0, "covered_branches": 0, "missing_branches": 0}, "missing_lines": [], "excluded_lines": [], "executed_branches": [], "missing_branches": []}}}, "src/pyvider/cty/context/__init__.py": {"executed_lines": [6, 8, 15, 23], "summary": {"covered_lines": 4, "num_statements": 4, "percent_covered": 100.0, "percent_covered_display": "100", "missing_lines": 0, "excluded_lines": 0, "num_branches": 0, "num_partial_branches": 0, "covered_branches": 0, "missing_branches": 0}, "missing_lines": [], "excluded_lines": [], "executed_branches": [], "missing_branches": [], "functions": {"": {"executed_lines": [6, 8, 15, 23], "summary": {"covered_lines": 4, "num_statements": 4, "percent_covered": 100.0, "percent_covered_display": "100", "missing_lines": 0, "excluded_lines": 0, "num_branches": 0, "num_partial_branches": 0, "covered_branches": 0, "missing_branches": 0}, "missing_lines": [], "excluded_lines": [], "executed_branches": [], "missing_branches": []}}, "classes": {"": {"executed_lines": [6, 8, 15, 23], "summary": {"covered_lines": 4, "num_statements": 4, "percent_covered": 100.0, "percent_covered_display": "100", "missing_lines": 0, "excluded_lines": 0, "num_branches": 0, "num_partial_branches": 0, "covered_branches": 0, "missing_branches": 0}, "missing_lines": [], "excluded_lines": [], "executed_branches": [], "missing_branches": []}}}, "src/pyvider/cty/context/validation_context.py": {"executed_lines": [6, 9, 10, 11, 13, 15, 18, 19, 21, 22, 23, 25, 28, 30], "summary": {"covered_lines": 14, "num_statements": 14, "percent_covered": 100.0, "percent_covered_display": "100", "missing_lines": 0, "excluded_lines": 0, "num_branches": 0, "num_partial_branches": 0, "covered_branches": 0, "missing_branches": 0}, "missing_lines": [], "excluded_lines": [], "executed_branches": [], "missing_branches": [], "functions": {"deeper_validation": {"executed_lines": [21, 22, 23, 25], "summary": {"covered_lines": 4, "num_statements": 4, "percent_covered": 100.0, "percent_covered_display": "100", "missing_lines": 0, "excluded_lines": 0, "num_branches": 0, "num_partial_branches": 0, "covered_branches": 0, "missing_branches": 0}, "missing_lines": [], "excluded_lines": [], "executed_branches": [], "missing_branches": []}, "get_validation_depth": {"executed_lines": [30], "summary": {"covered_lines": 1, "num_statements": 1, "percent_covered": 100.0, "percent_covered_display": "100", "missing_lines": 0, "excluded_lines": 0, "num_branches": 0, "num_partial_branches": 0, "covered_branches": 0, "missing_branches": 0}, "missing_lines": [], "excluded_lines": [], "executed_branches": [], "missing_branches": []}, "": {"executed_lines": [6, 9, 10, 11, 13, 15, 18, 19, 28], "summary": {"covered_lines": 9, "num_statements": 9, "percent_covered": 100.0, "percent_covered_display": "100", "missing_lines": 0, "excluded_lines": 0, "num_branches": 0, "num_partial_branches": 0, "covered_branches": 0, "missing_branches": 0}, "missing_lines": [], "excluded_lines": [], "executed_branches": [], "missing_branches": []}}, "classes": {"": {"executed_lines": [6, 9, 10, 11, 13, 15, 18, 19, 21, 22, 23, 25, 28, 30], "summary": {"covered_lines": 14, "num_statements": 14, "percent_covered": 100.0, "percent_covered_display": "100", "missing_lines": 0, "excluded_lines": 0, "num_branches": 0, "num_partial_branches": 0, "covered_branches": 0, "missing_branches": 0}, "missing_lines": [], "excluded_lines": [], "executed_branches": [], "missing_branches": []}}}, "src/pyvider/cty/conversion/__init__.py": {"executed_lines": [6, 8, 9, 12, 13, 14, 16], "summary": {"covered_lines": 7, "num_statements": 7, "percent_covered": 100.0, "percent_covered_display": "100", "missing_lines": 0, "excluded_lines": 0, "num_branches": 0, "num_partial_branches": 0, "covered_branches": 0, "missing_branches": 0}, "missing_lines": [], "excluded_lines": [], "executed_branches": [], "missing_branches": [], "functions": {"": {"executed_lines": [6, 8, 9, 12, 13, 14, 16], "summary": {"covered_lines": 7, "num_statements": 7, "percent_covered": 100.0, "percent_covered_display": "100", "missing_lines": 0, "excluded_lines": 0, "num_branches": 0, "num_partial_branches": 0, "covered_branches": 0, "missing_branches": 0}, "missing_lines": [], "excluded_lines": [], "executed_branches": [], "missing_branches": []}}, "classes": {"": {"executed_lines": [6, 8, 9, 12, 13, 14, 16], "summary": {"covered_lines": 7, "num_statements": 7, "percent_covered": 100.0, "percent_covered_display": "100", "missing_lines": 0, "excluded_lines": 0, "num_branches": 0, "num_partial_branches": 0, "covered_branches": 0, "missing_branches": 0}, "missing_lines": [], "excluded_lines": [], "executed_branches": [], "missing_branches": []}}}, "src/pyvider/cty/conversion/_utils.py": {"executed_lines": [6, 8, 10, 16, 19, 25, 26, 28, 29, 30, 31, 32, 33, 35, 37, 38, 39], "summary": {"covered_lines": 17, "num_statements": 17, "percent_covered": 100.0, "percent_covered_display": "100", "missing_lines": 0, "excluded_lines": 0, "num_branches": 6, "num_partial_branches": 0, "covered_branches": 6, "missing_branches": 0}, "missing_lines": [], "excluded_lines": [], "executed_branches": [[28, 29], [28, 31], [31, 32], [31, 35], [37, 38], [37, 39]], "missing_branches": [], "functions": {"_attrs_to_dict_safe": {"executed_lines": [25, 26, 28, 29, 30, 31, 32, 33, 35, 37, 38, 39], "summary": {"covered_lines": 12, "num_statements": 12, "percent_covered": 100.0, "percent_covered_display": "100", "missing_lines": 0, "excluded_lines": 0, "num_branches": 6, "num_partial_branches": 0, "covered_branches": 6, "missing_branches": 0}, "missing_lines": [], "excluded_lines": [], "executed_branches": [[28, 29], [28, 31], [31, 32], [31, 35], [37, 38], [37, 39]], "missing_branches": []}, "": {"executed_lines": [6, 8, 10, 16, 19], "summary": {"covered_lines": 5, "num_statements": 5, "percent_covered": 100.0, "percent_covered_display": "100", "missing_lines": 0, "excluded_lines": 0, "num_branches": 0, "num_partial_branches": 0, "covered_branches": 0, "missing_branches": 0}, "missing_lines": [], "excluded_lines": [], "executed_branches": [], "missing_branches": []}}, "classes": {"": {"executed_lines": [6, 8, 10, 16, 19, 25, 26, 28, 29, 30, 31, 32, 33, 35, 37, 38, 39], "summary": {"covered_lines": 17, "num_statements": 17, "percent_covered": 100.0, "percent_covered_display": "100", "missing_lines": 0, "excluded_lines": 0, "num_branches": 6, "num_partial_branches": 0, "covered_branches": 6, "missing_branches": 0}, "missing_lines": [], "excluded_lines": [], "executed_branches": [[28, 29], [28, 31], [31, 32], [31, 35], [37, 38], [37, 39]], "missing_branches": []}}}, "src/pyvider/cty/conversion/adapter.py": {"executed_lines": [6, 8, 9, 11, 21, 24, 29, 30, 32, 33, 35, 36, 37, 38, 40, 41, 43, 44, 45, 46, 49, 50, 51, 52, 53, 54, 55, 56, 58, 59, 60, 61, 62, 63, 64, 65, 66, 67, 69, 70, 74, 75, 76, 77, 79, 83, 86, 87, 88, 90, 91, 92, 94, 98, 99, 101, 102, 103, 104, 105, 106, 108, 109, 110, 112, 113, 114, 115, 116, 118, 120, 122], "summary": {"covered_lines": 72, "num_statements": 76, "percent_covered": 93.44262295081967, "percent_covered_display": "93", "missing_lines": 4, "excluded_lines": 0, "num_branches": 46, "num_partial_branches": 4, "covered_branches": 42, "missing_branches": 4}, "missing_lines": [80, 81, 84, 85], "excluded_lines": [], "executed_branches": [[29, 30], [29, 32], [32, 33], [32, 35], [40, 41], [40, 122], [43, 44], [43, 79], [49, 50], [49, 58], [50, 51], [50, 52], [52, 53], [52, 54], [54, 55], [58, 59], [58, 61], [61, 62], [61, 64], [64, 65], [64, 67], [67, 69], [67, 74], [74, 75], [79, 83], [83, 86], [86, 87], [86, 90], [91, 92], [91, 94], [94, 98], [94, 112], [101, 102], [101, 103], [103, 40], [103, 104], [104, 105], [104, 108], [113, 114], [113, 120], [115, 116], [115, 118]], "missing_branches": [[54, 56], [74, 77], [79, 80], [83, 84]], "functions": {"cty_to_native": {"executed_lines": [29, 30, 32, 33, 35, 36, 37, 38, 40, 41, 43, 44, 45, 46, 49, 50, 51, 52, 53, 54, 55, 56, 58, 59, 60, 61, 62, 63, 64, 65, 66, 67, 69, 70, 74, 75, 76, 77, 79, 83, 86, 87, 88, 90, 91, 92, 94, 98, 99, 101, 102, 103, 104, 105, 106, 108, 109, 110, 112, 113, 114, 115, 116, 118, 120, 122], "summary": {"covered_lines": 66, "num_statements": 70, "percent_covered": 93.10344827586206, "percent_covered_display": "93", "missing_lines": 4, "excluded_lines": 0, "num_branches": 46, "num_partial_branches": 4, "covered_branches": 42, "missing_branches": 4}, "missing_lines": [80, 81, 84, 85], "excluded_lines": [], "executed_branches": [[29, 30], [29, 32], [32, 33], [32, 35], [40, 41], [40, 122], [43, 44], [43, 79], [49, 50], [49, 58], [50, 51], [50, 52], [52, 53], [52, 54], [54, 55], [58, 59], [58, 61], [61, 62], [61, 64], [64, 65], [64, 67], [67, 69], [67, 74], [74, 75], [79, 83], [83, 86], [86, 87], [86, 90], [91, 92], [91, 94], [94, 98], [94, 112], [101, 102], [101, 103], [103, 40], [103, 104], [104, 105], [104, 108], [113, 114], [113, 120], [115, 116], [115, 118]], "missing_branches": [[54, 56], [74, 77], [79, 80], [83, 84]]}, "": {"executed_lines": [6, 8, 9, 11, 21, 24], "summary": {"covered_lines": 6, "num_statements": 6, "percent_covered": 100.0, "percent_covered_display": "100", "missing_lines": 0, "excluded_lines": 0, "num_branches": 0, "num_partial_branches": 0, "covered_branches": 0, "missing_branches": 0}, "missing_lines": [], "excluded_lines": [], "executed_branches": [], "missing_branches": []}}, "classes": {"": {"executed_lines": [6, 8, 9, 11, 21, 24, 29, 30, 32, 33, 35, 36, 37, 38, 40, 41, 43, 44, 45, 46, 49, 50, 51, 52, 53, 54, 55, 56, 58, 59, 60, 61, 62, 63, 64, 65, 66, 67, 69, 70, 74, 75, 76, 77, 79, 83, 86, 87, 88, 90, 91, 92, 94, 98, 99, 101, 102, 103, 104, 105, 106, 108, 109, 110, 112, 113, 114, 115, 116, 118, 120, 122], "summary": {"covered_lines": 72, "num_statements": 76, "percent_covered": 93.44262295081967, "percent_covered_display": "93", "missing_lines": 4, "excluded_lines": 0, "num_branches": 46, "num_partial_branches": 4, "covered_branches": 42, "missing_branches": 4}, "missing_lines": [80, 81, 84, 85], "excluded_lines": [], "executed_branches": [[29, 30], [29, 32], [32, 33], [32, 35], [40, 41], [40, 122], [43, 44], [43, 79], [49, 50], [49, 58], [50, 51], [50, 52], [52, 53], [52, 54], [54, 55], [58, 59], [58, 61], [61, 62], [61, 64], [64, 65], [64, 67], [67, 69], [67, 74], [74, 75], [79, 83], [83, 86], [86, 87], [86, 90], [91, 92], [91, 94], [94, 98], [94, 112], [101, 102], [101, 103], [103, 40], [103, 104], [104, 105], [104, 108], [113, 114], [113, 120], [115, 116], [115, 118]], "missing_branches": [[54, 56], [74, 77], [79, 80], [83, 84]]}}}, "src/pyvider/cty/conversion/explicit.py": {"executed_lines": [6, 8, 9, 10, 12, 14, 25, 26, 39, 41, 47, 51, 61, 62, 64, 65, 66, 67, 70, 71, 72, 73, 76, 81, 82, 83, 88, 89, 92, 97, 100, 106, 107, 110, 111, 112, 113, 116, 117, 118, 119, 120, 121, 124, 131, 132, 133, 134, 135, 136, 137, 138, 139, 146, 147, 148, 150, 151, 152, 154, 155, 157, 158, 159, 162, 163, 164, 165, 168, 169, 170, 171, 172, 175, 176, 181, 182, 189, 190, 194, 195, 196, 197, 198, 200, 201, 203, 204, 205, 206, 208, 209, 210, 213, 215, 216, 218, 219, 220, 222, 223, 224, 225, 226, 228, 233, 236, 241], "summary": {"covered_lines": 108, "num_statements": 119, "percent_covered": 89.94708994708995, "percent_covered_display": "90", "missing_lines": 11, "excluded_lines": 0, "num_branches": 70, "num_partial_branches": 6, "covered_branches": 62, "missing_branches": 8}, "missing_lines": [101, 102, 103, 104, 156, 166, 167, 173, 177, 178, 211], "excluded_lines": [], "executed_branches": [[61, 62], [61, 64], [64, 65], [64, 66], [66, 67], [66, 70], [70, 71], [70, 100], [72, 73], [72, 81], [81, 82], [81, 88], [88, 89], [88, 97], [100, 106], [106, 107], [106, 110], [110, 111], [110, 116], [116, 117], [116, 131], [131, 132], [131, 146], [132, 133], [132, 138], [134, 135], [134, 136], [136, 137], [136, 138], [146, 147], [146, 150], [150, 151], [150, 154], [154, 155], [154, 162], [155, 157], [157, 158], [157, 162], [162, 163], [162, 181], [165, 168], [169, 170], [170, 171], [170, 172], [172, 175], [195, 196], [195, 197], [197, 198], [197, 200], [200, 201], [200, 203], [203, 204], [203, 208], [208, 209], [208, 233], [210, 213], [215, 216], [215, 218], [222, 223], [222, 228], [225, 222], [225, 226]], "missing_branches": [[100, 101], [101, 102], [101, 104], [155, 156], [165, 166], [169, 177], [172, 173], [210, 211]], "functions": {"convert": {"executed_lines": [51, 61, 62, 64, 65, 66, 67, 70, 71, 72, 73, 76, 81, 82, 83, 88, 89, 92, 97, 100, 106, 107, 110, 111, 112, 113, 116, 117, 118, 119, 120, 121, 124, 131, 132, 133, 134, 135, 136, 137, 138, 139, 146, 147, 148, 150, 151, 152, 154, 155, 157, 158, 159, 162, 163, 164, 165, 168, 169, 170, 171, 172, 175, 176, 181, 182], "summary": {"covered_lines": 66, "num_statements": 76, "percent_covered": 86.71875, "percent_covered_display": "87", "missing_lines": 10, "excluded_lines": 0, "num_branches": 52, "num_partial_branches": 5, "covered_branches": 45, "missing_branches": 7}, "missing_lines": [101, 102, 103, 104, 156, 166, 167, 173, 177, 178], "excluded_lines": [], "executed_branches": [[61, 62], [61, 64], [64, 65], [64, 66], [66, 67], [66, 70], [70, 71], [70, 100], [72, 73], [72, 81], [81, 82], [81, 88], [88, 89], [88, 97], [100, 106], [106, 107], [106, 110], [110, 111], [110, 116], [116, 117], [116, 131], [131, 132], [131, 146], [132, 133], [132, 138], [134, 135], [134, 136], [136, 137], [136, 138], [146, 147], [146, 150], [150, 151], [150, 154], [154, 155], [154, 162], [155, 157], [157, 158], [157, 162], [162, 163], [162, 181], [165, 168], [169, 170], [170, 171], [170, 172], [172, 175]], "missing_branches": [[100, 101], [101, 102], [101, 104], [155, 156], [165, 166], [169, 177], [172, 173]]}, "_unify_frozen": {"executed_lines": [194, 195, 196, 197, 198, 200, 201, 203, 204, 205, 206, 208, 209, 210, 213, 215, 216, 218, 219, 220, 222, 223, 224, 225, 226, 228, 233], "summary": {"covered_lines": 27, "num_statements": 28, "percent_covered": 95.65217391304348, "percent_covered_display": "96", "missing_lines": 1, "excluded_lines": 0, "num_branches": 18, "num_partial_branches": 1, "covered_branches": 17, "missing_branches": 1}, "missing_lines": [211], "excluded_lines": [], "executed_branches": [[195, 196], [195, 197], [197, 198], [197, 200], [200, 201], [200, 203], [203, 204], [203, 208], [208, 209], [208, 233], [210, 213], [215, 216], [215, 218], [222, 223], [222, 228], [225, 222], [225, 226]], "missing_branches": [[210, 211]]}, "unify": {"executed_lines": [241], "summary": {"covered_lines": 1, "num_statements": 1, "percent_covered": 100.0, "percent_covered_display": "100", "missing_lines": 0, "excluded_lines": 0, "num_branches": 0, "num_partial_branches": 0, "covered_branches": 0, "missing_branches": 0}, "missing_lines": [], "excluded_lines": [], "executed_branches": [], "missing_branches": []}, "": {"executed_lines": [6, 8, 9, 10, 12, 14, 25, 26, 39, 41, 47, 189, 190, 236], "summary": {"covered_lines": 14, "num_statements": 14, "percent_covered": 100.0, "percent_covered_display": "100", "missing_lines": 0, "excluded_lines": 0, "num_branches": 0, "num_partial_branches": 0, "covered_branches": 0, "missing_branches": 0}, "missing_lines": [], "excluded_lines": [], "executed_branches": [], "missing_branches": []}}, "classes": {"": {"executed_lines": [6, 8, 9, 10, 12, 14, 25, 26, 39, 41, 47, 51, 61, 62, 64, 65, 66, 67, 70, 71, 72, 73, 76, 81, 82, 83, 88, 89, 92, 97, 100, 106, 107, 110, 111, 112, 113, 116, 117, 118, 119, 120, 121, 124, 131, 132, 133, 134, 135, 136, 137, 138, 139, 146, 147, 148, 150, 151, 152, 154, 155, 157, 158, 159, 162, 163, 164, 165, 168, 169, 170, 171, 172, 175, 176, 181, 182, 189, 190, 194, 195, 196, 197, 198, 200, 201, 203, 204, 205, 206, 208, 209, 210, 213, 215, 216, 218, 219, 220, 222, 223, 224, 225, 226, 228, 233, 236, 241], "summary": {"covered_lines": 108, "num_statements": 119, "percent_covered": 89.94708994708995, "percent_covered_display": "90", "missing_lines": 11, "excluded_lines": 0, "num_branches": 70, "num_partial_branches": 6, "covered_branches": 62, "missing_branches": 8}, "missing_lines": [101, 102, 103, 104, 156, 166, 167, 173, 177, 178, 211], "excluded_lines": [], "executed_branches": [[61, 62], [61, 64], [64, 65], [64, 66], [66, 67], [66, 70], [70, 71], [70, 100], [72, 73], [72, 81], [81, 82], [81, 88], [88, 89], [88, 97], [100, 106], [106, 107], [106, 110], [110, 111], [110, 116], [116, 117], [116, 131], [131, 132], [131, 146], [132, 133], [132, 138], [134, 135], [134, 136], [136, 137], [136, 138], [146, 147], [146, 150], [150, 151], [150, 154], [154, 155], [154, 162], [155, 157], [157, 158], [157, 162], [162, 163], [162, 181], [165, 168], [169, 170], [170, 171], [170, 172], [172, 175], [195, 196], [195, 197], [197, 198], [197, 200], [200, 201], [200, 203], [203, 204], [203, 208], [208, 209], [208, 233], [210, 213], [215, 216], [215, 218], [222, 223], [222, 228], [225, 222], [225, 226]], "missing_branches": [[100, 101], [101, 102], [101, 104], [155, 156], [165, 166], [169, 177], [172, 173], [210, 211]]}}}, "src/pyvider/cty/conversion/inference_cache.py": {"executed_lines": [6, 8, 9, 10, 11, 13, 15, 17, 23, 26, 27, 30, 36, 38, 39, 42, 48, 50, 51, 54, 55, 71, 73, 74, 75, 76, 78, 79, 82, 101, 102, 103, 104, 106], "summary": {"covered_lines": 34, "num_statements": 34, "percent_covered": 100.0, "percent_covered_display": "100", "missing_lines": 0, "excluded_lines": 1, "num_branches": 6, "num_partial_branches": 0, "covered_branches": 6, "missing_branches": 0}, "missing_lines": [], "excluded_lines": [83], "executed_branches": [[36, 38], [36, 39], [48, 50], [48, 51], [74, 75], [74, 78]], "missing_branches": [], "functions": {"get_structural_key_cache": {"executed_lines": [36, 38, 39], "summary": {"covered_lines": 3, "num_statements": 3, "percent_covered": 100.0, "percent_covered_display": "100", "missing_lines": 0, "excluded_lines": 0, "num_branches": 2, "num_partial_branches": 0, "covered_branches": 2, "missing_branches": 0}, "missing_lines": [], "excluded_lines": [], "executed_branches": [[36, 38], [36, 39]], "missing_branches": []}, "get_container_schema_cache": {"executed_lines": [48, 50, 51], "summary": {"covered_lines": 3, "num_statements": 3, "percent_covered": 100.0, "percent_covered_display": "100", "missing_lines": 0, "excluded_lines": 0, "num_branches": 2, "num_partial_branches": 0, "covered_branches": 2, "missing_branches": 0}, "missing_lines": [], "excluded_lines": [], "executed_branches": [[48, 50], [48, 51]], "missing_branches": []}, "inference_cache_context": {"executed_lines": [71, 73, 74, 75, 76, 78, 79], "summary": {"covered_lines": 7, "num_statements": 7, "percent_covered": 100.0, "percent_covered_display": "100", "missing_lines": 0, "excluded_lines": 0, "num_branches": 2, "num_partial_branches": 0, "covered_branches": 2, "missing_branches": 0}, "missing_lines": [], "excluded_lines": [], "executed_branches": [[74, 75], [74, 78]], "missing_branches": []}, "with_inference_cache": {"executed_lines": [101, 102, 106], "summary": {"covered_lines": 3, "num_statements": 3, "percent_covered": 100.0, "percent_covered_display": "100", "missing_lines": 0, "excluded_lines": 1, "num_branches": 0, "num_partial_branches": 0, "covered_branches": 0, "missing_branches": 0}, "missing_lines": [], "excluded_lines": [83], "executed_branches": [], "missing_branches": []}, "with_inference_cache.wrapper": {"executed_lines": [103, 104], "summary": {"covered_lines": 2, "num_statements": 2, "percent_covered": 100.0, "percent_covered_display": "100", "missing_lines": 0, "excluded_lines": 0, "num_branches": 0, "num_partial_branches": 0, "covered_branches": 0, "missing_branches": 0}, "missing_lines": [], "excluded_lines": [], "executed_branches": [], "missing_branches": []}, "": {"executed_lines": [6, 8, 9, 10, 11, 13, 15, 17, 23, 26, 27, 30, 42, 54, 55, 82], "summary": {"covered_lines": 16, "num_statements": 16, "percent_covered": 100.0, "percent_covered_display": "100", "missing_lines": 0, "excluded_lines": 0, "num_branches": 0, "num_partial_branches": 0, "covered_branches": 0, "missing_branches": 0}, "missing_lines": [], "excluded_lines": [], "executed_branches": [], "missing_branches": []}}, "classes": {"": {"executed_lines": [6, 8, 9, 10, 11, 13, 15, 17, 23, 26, 27, 30, 36, 38, 39, 42, 48, 50, 51, 54, 55, 71, 73, 74, 75, 76, 78, 79, 82, 101, 102, 103, 104, 106], "summary": {"covered_lines": 34, "num_statements": 34, "percent_covered": 100.0, "percent_covered_display": "100", "missing_lines": 0, "excluded_lines": 1, "num_branches": 6, "num_partial_branches": 0, "covered_branches": 6, "missing_branches": 0}, "missing_lines": [], "excluded_lines": [83], "executed_branches": [[36, 38], [36, 39], [48, 50], [48, 51], [74, 75], [74, 78]], "missing_branches": []}}}, "src/pyvider/cty/conversion/raw_to_cty.py": {"executed_lines": [6, 8, 9, 12, 14, 15, 17, 18, 23, 24, 27, 29, 30, 31, 32, 33, 34, 37, 45, 48, 51, 52, 55, 56, 60, 63, 66, 67, 68, 70, 73, 75, 77, 80, 81, 90, 98, 100, 103, 106, 107, 109, 110, 113, 119, 121, 122, 124, 126, 127, 128, 131, 132, 133, 135, 136, 138, 141, 142, 144, 145, 147, 152, 153, 154, 155, 156, 159, 160, 161, 164, 165, 171, 179, 192, 193, 195, 198, 199, 201, 205, 206, 207, 208, 211, 212, 213, 214, 216, 217, 219, 220, 221, 222, 224, 225, 227, 228, 233, 234, 235, 236, 237, 238, 240, 241, 242, 243, 244, 245, 246, 254, 255, 257, 258, 259, 260, 261, 262, 264, 265, 266, 267, 268, 269, 273, 274, 275, 276, 277, 278, 279, 281, 282, 284, 285, 289, 290, 291, 295, 298, 299, 300, 302, 305, 307, 309], "summary": {"covered_lines": 147, "num_statements": 159, "percent_covered": 90.7949790794979, "percent_covered_display": "91", "missing_lines": 12, "excluded_lines": 0, "num_branches": 80, "num_partial_branches": 10, "covered_branches": 70, "missing_branches": 10}, "missing_lines": [74, 84, 85, 87, 101, 196, 209, 252, 270, 271, 286, 287], "excluded_lines": [], "executed_branches": [[30, 31], [30, 32], [32, 33], [45, 48], [45, 60], [48, 51], [48, 55], [60, 63], [60, 68], [63, 66], [63, 67], [68, 70], [68, 75], [70, 73], [75, 77], [77, 80], [100, 103], [122, 124], [122, 126], [131, 132], [131, 152], [135, 136], [135, 138], [138, 141], [138, 147], [141, 142], [141, 144], [152, 153], [152, 159], [192, 193], [192, 195], [195, 198], [198, 199], [198, 201], [206, 207], [206, 211], [208, 211], [216, 217], [216, 295], [219, 220], [219, 257], [224, 225], [224, 227], [233, 234], [233, 242], [234, 235], [234, 236], [236, 237], [236, 240], [242, 243], [242, 244], [244, 245], [257, 258], [257, 264], [264, 265], [264, 266], [267, 268], [267, 269], [269, 273], [273, 274], [273, 284], [274, 275], [274, 276], [276, 277], [276, 278], [278, 279], [278, 281], [285, 289], [298, 299], [298, 302]], "missing_branches": [[32, 34], [70, 74], [75, 87], [77, 84], [100, 101], [195, 196], [208, 209], [244, 252], [269, 270], [285, 286]], "functions": {"_extract_container_children": {"executed_lines": [29, 30, 31, 32, 33, 34], "summary": {"covered_lines": 6, "num_statements": 6, "percent_covered": 90.0, "percent_covered_display": "90", "missing_lines": 0, "excluded_lines": 0, "num_branches": 4, "num_partial_branches": 1, "covered_branches": 3, "missing_branches": 1}, "missing_lines": [], "excluded_lines": [], "executed_branches": [[30, 31], [30, 32], [32, 33]], "missing_branches": [[32, 34]]}, "_generate_container_cache_key": {"executed_lines": [45, 48, 51, 52, 55, 56, 60, 63, 66, 67, 68, 70, 73, 75, 77, 80, 81], "summary": {"covered_lines": 17, "num_statements": 21, "percent_covered": 81.08108108108108, "percent_covered_display": "81", "missing_lines": 4, "excluded_lines": 0, "num_branches": 16, "num_partial_branches": 3, "covered_branches": 13, "missing_branches": 3}, "missing_lines": [74, 84, 85, 87], "excluded_lines": [], "executed_branches": [[45, 48], [45, 60], [48, 51], [48, 55], [60, 63], [60, 68], [63, 66], [63, 67], [68, 70], [68, 75], [70, 73], [75, 77], [77, 80]], "missing_branches": [[70, 74], [75, 87], [77, 84]]}, "_process_container_children": {"executed_lines": [98, 100, 103, 106, 107, 109, 110], "summary": {"covered_lines": 7, "num_statements": 8, "percent_covered": 80.0, "percent_covered_display": "80", "missing_lines": 1, "excluded_lines": 0, "num_branches": 2, "num_partial_branches": 1, "covered_branches": 1, "missing_branches": 1}, "missing_lines": [101], "excluded_lines": [], "executed_branches": [[100, 103]], "missing_branches": [[100, 101]]}, "_get_structural_cache_key": {"executed_lines": [119, 121, 122, 124, 126, 127, 128, 131, 132, 133, 135, 136, 138, 141, 142, 144, 145, 147, 152, 153, 154, 155, 156, 159, 160, 161], "summary": {"covered_lines": 26, "num_statements": 26, "percent_covered": 100.0, "percent_covered_display": "100", "missing_lines": 0, "excluded_lines": 0, "num_branches": 12, "num_partial_branches": 0, "covered_branches": 12, "missing_branches": 0}, "missing_lines": [], "excluded_lines": [], "executed_branches": [[122, 124], [122, 126], [131, 132], [131, 152], [135, 136], [135, 138], [138, 141], [138, 147], [141, 142], [141, 144], [152, 153], [152, 159]], "missing_branches": []}, "infer_cty_type_from_raw": {"executed_lines": [171, 179, 192, 193, 195, 198, 199, 201, 205, 206, 207, 208, 211, 212, 213, 214, 216, 217, 219, 220, 221, 222, 224, 225, 227, 228, 233, 234, 235, 236, 237, 238, 240, 241, 242, 243, 244, 245, 246, 254, 255, 257, 258, 259, 260, 261, 262, 264, 265, 266, 267, 268, 269, 273, 274, 275, 276, 277, 278, 279, 281, 282, 284, 285, 289, 290, 291, 295, 298, 299, 300, 302], "summary": {"covered_lines": 72, "num_statements": 79, "percent_covered": 90.4, "percent_covered_display": "90", "missing_lines": 7, "excluded_lines": 0, "num_branches": 46, "num_partial_branches": 5, "covered_branches": 41, "missing_branches": 5}, "missing_lines": [196, 209, 252, 270, 271, 286, 287], "excluded_lines": [], "executed_branches": [[192, 193], [192, 195], [195, 198], [198, 199], [198, 201], [206, 207], [206, 211], [208, 211], [216, 217], [216, 295], [219, 220], [219, 257], [224, 225], [224, 227], [233, 234], [233, 242], [234, 235], [234, 236], [236, 237], [236, 240], [242, 243], [242, 244], [244, 245], [257, 258], [257, 264], [264, 265], [264, 266], [267, 268], [267, 269], [269, 273], [273, 274], [273, 284], [274, 275], [274, 276], [276, 277], [276, 278], [278, 279], [278, 281], [285, 289], [298, 299], [298, 302]], "missing_branches": [[195, 196], [208, 209], [244, 252], [269, 270], [285, 286]]}, "_unify_types": {"executed_lines": [307, 309], "summary": {"covered_lines": 2, "num_statements": 2, "percent_covered": 100.0, "percent_covered_display": "100", "missing_lines": 0, "excluded_lines": 0, "num_branches": 0, "num_partial_branches": 0, "covered_branches": 0, "missing_branches": 0}, "missing_lines": [], "excluded_lines": [], "executed_branches": [], "missing_branches": []}, "": {"executed_lines": [6, 8, 9, 12, 14, 15, 17, 18, 23, 24, 27, 37, 90, 113, 164, 165, 305], "summary": {"covered_lines": 17, "num_statements": 17, "percent_covered": 100.0, "percent_covered_display": "100", "missing_lines": 0, "excluded_lines": 0, "num_branches": 0, "num_partial_branches": 0, "covered_branches": 0, "missing_branches": 0}, "missing_lines": [], "excluded_lines": [], "executed_branches": [], "missing_branches": []}}, "classes": {"": {"executed_lines": [6, 8, 9, 12, 14, 15, 17, 18, 23, 24, 27, 29, 30, 31, 32, 33, 34, 37, 45, 48, 51, 52, 55, 56, 60, 63, 66, 67, 68, 70, 73, 75, 77, 80, 81, 90, 98, 100, 103, 106, 107, 109, 110, 113, 119, 121, 122, 124, 126, 127, 128, 131, 132, 133, 135, 136, 138, 141, 142, 144, 145, 147, 152, 153, 154, 155, 156, 159, 160, 161, 164, 165, 171, 179, 192, 193, 195, 198, 199, 201, 205, 206, 207, 208, 211, 212, 213, 214, 216, 217, 219, 220, 221, 222, 224, 225, 227, 228, 233, 234, 235, 236, 237, 238, 240, 241, 242, 243, 244, 245, 246, 254, 255, 257, 258, 259, 260, 261, 262, 264, 265, 266, 267, 268, 269, 273, 274, 275, 276, 277, 278, 279, 281, 282, 284, 285, 289, 290, 291, 295, 298, 299, 300, 302, 305, 307, 309], "summary": {"covered_lines": 147, "num_statements": 159, "percent_covered": 90.7949790794979, "percent_covered_display": "91", "missing_lines": 12, "excluded_lines": 0, "num_branches": 80, "num_partial_branches": 10, "covered_branches": 70, "missing_branches": 10}, "missing_lines": [74, 84, 85, 87, 101, 196, 209, 252, 270, 271, 286, 287], "excluded_lines": [], "executed_branches": [[30, 31], [30, 32], [32, 33], [45, 48], [45, 60], [48, 51], [48, 55], [60, 63], [60, 68], [63, 66], [63, 67], [68, 70], [68, 75], [70, 73], [75, 77], [77, 80], [100, 103], [122, 124], [122, 126], [131, 132], [131, 152], [135, 136], [135, 138], [138, 141], [138, 147], [141, 142], [141, 144], [152, 153], [152, 159], [192, 193], [192, 195], [195, 198], [198, 199], [198, 201], [206, 207], [206, 211], [208, 211], [216, 217], [216, 295], [219, 220], [219, 257], [224, 225], [224, 227], [233, 234], [233, 242], [234, 235], [234, 236], [236, 237], [236, 240], [242, 243], [242, 244], [244, 245], [257, 258], [257, 264], [264, 265], [264, 266], [267, 268], [267, 269], [269, 273], [273, 274], [273, 284], [274, 275], [274, 276], [276, 277], [276, 278], [278, 279], [278, 281], [285, 289], [298, 299], [298, 302]], "missing_branches": [[32, 34], [70, 74], [75, 87], [77, 84], [100, 101], [195, 196], [208, 209], [244, 252], [269, 270], [285, 286]]}}}, "src/pyvider/cty/conversion/type_encoder.py": {"executed_lines": [6, 9, 11, 12, 15, 20, 23], "summary": {"covered_lines": 7, "num_statements": 9, "percent_covered": 72.72727272727273, "percent_covered_display": "73", "missing_lines": 2, "excluded_lines": 0, "num_branches": 2, "num_partial_branches": 1, "covered_branches": 1, "missing_branches": 1}, "missing_lines": [21, 22], "excluded_lines": [], "executed_branches": [[20, 23]], "missing_branches": [[20, 21]], "functions": {"encode_cty_type_to_wire_json": {"executed_lines": [20, 23], "summary": {"covered_lines": 2, "num_statements": 4, "percent_covered": 50.0, "percent_covered_display": "50", "missing_lines": 2, "excluded_lines": 0, "num_branches": 2, "num_partial_branches": 1, "covered_branches": 1, "missing_branches": 1}, "missing_lines": [21, 22], "excluded_lines": [], "executed_branches": [[20, 23]], "missing_branches": [[20, 21]]}, "": {"executed_lines": [6, 9, 11, 12, 15], "summary": {"covered_lines": 5, "num_statements": 5, "percent_covered": 100.0, "percent_covered_display": "100", "missing_lines": 0, "excluded_lines": 0, "num_branches": 0, "num_partial_branches": 0, "covered_branches": 0, "missing_branches": 0}, "missing_lines": [], "excluded_lines": [], "executed_branches": [], "missing_branches": []}}, "classes": {"": {"executed_lines": [6, 9, 11, 12, 15, 20, 23], "summary": {"covered_lines": 7, "num_statements": 9, "percent_covered": 72.72727272727273, "percent_covered_display": "73", "missing_lines": 2, "excluded_lines": 0, "num_branches": 2, "num_partial_branches": 1, "covered_branches": 1, "missing_branches": 1}, "missing_lines": [21, 22], "excluded_lines": [], "executed_branches": [[20, 23]], "missing_branches": [[20, 21]]}}}, "src/pyvider/cty/exceptions/__init__.py": {"executed_lines": [6, 8, 9, 14, 26, 41, 45], "summary": {"covered_lines": 7, "num_statements": 7, "percent_covered": 100.0, "percent_covered_display": "100", "missing_lines": 0, "excluded_lines": 0, "num_branches": 0, "num_partial_branches": 0, "covered_branches": 0, "missing_branches": 0}, "missing_lines": [], "excluded_lines": [], "executed_branches": [], "missing_branches": [], "functions": {"": {"executed_lines": [6, 8, 9, 14, 26, 41, 45], "summary": {"covered_lines": 7, "num_statements": 7, "percent_covered": 100.0, "percent_covered_display": "100", "missing_lines": 0, "excluded_lines": 0, "num_branches": 0, "num_partial_branches": 0, "covered_branches": 0, "missing_branches": 0}, "missing_lines": [], "excluded_lines": [], "executed_branches": [], "missing_branches": []}}, "classes": {"": {"executed_lines": [6, 8, 9, 14, 26, 41, 45], "summary": {"covered_lines": 7, "num_statements": 7, "percent_covered": 100.0, "percent_covered_display": "100", "missing_lines": 0, "excluded_lines": 0, "num_branches": 0, "num_partial_branches": 0, "covered_branches": 0, "missing_branches": 0}, "missing_lines": [], "excluded_lines": [], "executed_branches": [], "missing_branches": []}}}, "src/pyvider/cty/exceptions/base.py": {"executed_lines": [6, 8, 10, 15, 20, 21, 35, 36, 37, 39, 40, 43, 44, 54, 62, 63, 66, 67, 68, 70, 73, 78, 81, 83, 84], "summary": {"covered_lines": 23, "num_statements": 27, "percent_covered": 78.78787878787878, "percent_covered_display": "79", "missing_lines": 4, "excluded_lines": 0, "num_branches": 6, "num_partial_branches": 3, "covered_branches": 3, "missing_branches": 3}, "missing_lines": [71, 74, 75, 79], "excluded_lines": [], "executed_branches": [[70, 73], [73, 78], [78, 81]], "missing_branches": [[70, 71], [73, 74], [78, 79]], "functions": {"CtyError.__init__": {"executed_lines": [36, 37], "summary": {"covered_lines": 2, "num_statements": 2, "percent_covered": 100.0, "percent_covered_display": "100", "missing_lines": 0, "excluded_lines": 0, "num_branches": 0, "num_partial_branches": 0, "covered_branches": 0, "missing_branches": 0}, "missing_lines": [], "excluded_lines": [], "executed_branches": [], "missing_branches": []}, "CtyError._default_code": {"executed_lines": [40], "summary": {"covered_lines": 1, "num_statements": 1, "percent_covered": 100.0, "percent_covered_display": "100", "missing_lines": 0, "excluded_lines": 0, "num_branches": 0, "num_partial_branches": 0, "covered_branches": 0, "missing_branches": 0}, "missing_lines": [], "excluded_lines": [], "executed_branches": [], "missing_branches": []}, "CtyFunctionError.__init__": {"executed_lines": [62, 63, 66, 67, 68, 70, 73, 78, 81], "summary": {"covered_lines": 9, "num_statements": 13, "percent_covered": 63.1578947368421, "percent_covered_display": "63", "missing_lines": 4, "excluded_lines": 0, "num_branches": 6, "num_partial_branches": 3, "covered_branches": 3, "missing_branches": 3}, "missing_lines": [71, 74, 75, 79], "excluded_lines": [], "executed_branches": [[70, 73], [73, 78], [78, 81]], "missing_branches": [[70, 71], [73, 74], [78, 79]]}, "CtyFunctionError._default_code": {"executed_lines": [84], "summary": {"covered_lines": 1, "num_statements": 1, "percent_covered": 100.0, "percent_covered_display": "100", "missing_lines": 0, "excluded_lines": 0, "num_branches": 0, "num_partial_branches": 0, "covered_branches": 0, "missing_branches": 0}, "missing_lines": [], "excluded_lines": [], "executed_branches": [], "missing_branches": []}, "": {"executed_lines": [6, 8, 10, 15, 20, 21, 35, 39, 43, 44, 54, 83], "summary": {"covered_lines": 10, "num_statements": 10, "percent_covered": 100.0, "percent_covered_display": "100", "missing_lines": 0, "excluded_lines": 0, "num_branches": 0, "num_partial_branches": 0, "covered_branches": 0, "missing_branches": 0}, "missing_lines": [], "excluded_lines": [], "executed_branches": [], "missing_branches": []}}, "classes": {"CtyError": {"executed_lines": [36, 37, 40], "summary": {"covered_lines": 3, "num_statements": 3, "percent_covered": 100.0, "percent_covered_display": "100", "missing_lines": 0, "excluded_lines": 0, "num_branches": 0, "num_partial_branches": 0, "covered_branches": 0, "missing_branches": 0}, "missing_lines": [], "excluded_lines": [], "executed_branches": [], "missing_branches": []}, "CtyFunctionError": {"executed_lines": [62, 63, 66, 67, 68, 70, 73, 78, 81, 84], "summary": {"covered_lines": 10, "num_statements": 14, "percent_covered": 65.0, "percent_covered_display": "65", "missing_lines": 4, "excluded_lines": 0, "num_branches": 6, "num_partial_branches": 3, "covered_branches": 3, "missing_branches": 3}, "missing_lines": [71, 74, 75, 79], "excluded_lines": [], "executed_branches": [[70, 73], [73, 78], [78, 81]], "missing_branches": [[70, 71], [73, 74], [78, 79]]}, "": {"executed_lines": [6, 8, 10, 15, 20, 21, 35, 39, 43, 44, 54, 83], "summary": {"covered_lines": 10, "num_statements": 10, "percent_covered": 100.0, "percent_covered_display": "100", "missing_lines": 0, "excluded_lines": 0, "num_branches": 0, "num_partial_branches": 0, "covered_branches": 0, "missing_branches": 0}, "missing_lines": [], "excluded_lines": [], "executed_branches": [], "missing_branches": []}}}, "src/pyvider/cty/exceptions/conversion.py": {"executed_lines": [6, 8, 10, 13, 18, 19, 21, 38, 39, 42, 43, 44, 47, 48, 49, 51, 52, 55, 56, 57, 58, 59, 61, 62, 63, 64, 65, 67, 68, 70, 72, 73, 76, 77, 79, 97, 100, 101, 103, 104, 105, 107, 110, 111, 113, 114, 117, 118, 119, 120, 122, 123, 126], "summary": {"covered_lines": 50, "num_statements": 50, "percent_covered": 98.38709677419355, "percent_covered_display": "98", "missing_lines": 0, "excluded_lines": 0, "num_branches": 12, "num_partial_branches": 1, "covered_branches": 11, "missing_branches": 1}, "missing_lines": [], "excluded_lines": [], "executed_branches": [[48, 49], [48, 61], [55, 56], [55, 61], [58, 59], [61, 62], [61, 67], [67, 68], [67, 70], [103, 104], [103, 107]], "missing_branches": [[58, 61]], "functions": {"CtyConversionError.__init__": {"executed_lines": [38, 39, 42, 43, 44, 47, 48, 49, 51, 52, 55, 56, 57, 58, 59, 61, 62, 63, 64, 65, 67, 68, 70], "summary": {"covered_lines": 23, "num_statements": 23, "percent_covered": 96.96969696969697, "percent_covered_display": "97", "missing_lines": 0, "excluded_lines": 0, "num_branches": 10, "num_partial_branches": 1, "covered_branches": 9, "missing_branches": 1}, "missing_lines": [], "excluded_lines": [], "executed_branches": [[48, 49], [48, 61], [55, 56], [55, 61], [58, 59], [61, 62], [61, 67], [67, 68], [67, 70]], "missing_branches": [[58, 61]]}, "CtyConversionError._default_code": {"executed_lines": [73], "summary": {"covered_lines": 1, "num_statements": 1, "percent_covered": 100.0, "percent_covered_display": "100", "missing_lines": 0, "excluded_lines": 0, "num_branches": 0, "num_partial_branches": 0, "covered_branches": 0, "missing_branches": 0}, "missing_lines": [], "excluded_lines": [], "executed_branches": [], "missing_branches": []}, "CtyTypeConversionError.__init__": {"executed_lines": [97, 100, 101, 103, 104, 105, 107], "summary": {"covered_lines": 7, "num_statements": 7, "percent_covered": 100.0, "percent_covered_display": "100", "missing_lines": 0, "excluded_lines": 0, "num_branches": 2, "num_partial_branches": 0, "covered_branches": 2, "missing_branches": 0}, "missing_lines": [], "excluded_lines": [], "executed_branches": [[103, 104], [103, 107]], "missing_branches": []}, "CtyTypeParseError.__init__": {"executed_lines": [114, 117, 118, 119, 120, 122, 123], "summary": {"covered_lines": 7, "num_statements": 7, "percent_covered": 100.0, "percent_covered_display": "100", "missing_lines": 0, "excluded_lines": 0, "num_branches": 0, "num_partial_branches": 0, "covered_branches": 0, "missing_branches": 0}, "missing_lines": [], "excluded_lines": [], "executed_branches": [], "missing_branches": []}, "": {"executed_lines": [6, 8, 10, 13, 18, 19, 21, 72, 76, 77, 79, 110, 111, 113, 126], "summary": {"covered_lines": 12, "num_statements": 12, "percent_covered": 100.0, "percent_covered_display": "100", "missing_lines": 0, "excluded_lines": 0, "num_branches": 0, "num_partial_branches": 0, "covered_branches": 0, "missing_branches": 0}, "missing_lines": [], "excluded_lines": [], "executed_branches": [], "missing_branches": []}}, "classes": {"CtyConversionError": {"executed_lines": [38, 39, 42, 43, 44, 47, 48, 49, 51, 52, 55, 56, 57, 58, 59, 61, 62, 63, 64, 65, 67, 68, 70, 73], "summary": {"covered_lines": 24, "num_statements": 24, "percent_covered": 97.05882352941177, "percent_covered_display": "97", "missing_lines": 0, "excluded_lines": 0, "num_branches": 10, "num_partial_branches": 1, "covered_branches": 9, "missing_branches": 1}, "missing_lines": [], "excluded_lines": [], "executed_branches": [[48, 49], [48, 61], [55, 56], [55, 61], [58, 59], [61, 62], [61, 67], [67, 68], [67, 70]], "missing_branches": [[58, 61]]}, "CtyTypeConversionError": {"executed_lines": [97, 100, 101, 103, 104, 105, 107], "summary": {"covered_lines": 7, "num_statements": 7, "percent_covered": 100.0, "percent_covered_display": "100", "missing_lines": 0, "excluded_lines": 0, "num_branches": 2, "num_partial_branches": 0, "covered_branches": 2, "missing_branches": 0}, "missing_lines": [], "excluded_lines": [], "executed_branches": [[103, 104], [103, 107]], "missing_branches": []}, "CtyTypeParseError": {"executed_lines": [114, 117, 118, 119, 120, 122, 123], "summary": {"covered_lines": 7, "num_statements": 7, "percent_covered": 100.0, "percent_covered_display": "100", "missing_lines": 0, "excluded_lines": 0, "num_branches": 0, "num_partial_branches": 0, "covered_branches": 0, "missing_branches": 0}, "missing_lines": [], "excluded_lines": [], "executed_branches": [], "missing_branches": []}, "": {"executed_lines": [6, 8, 10, 13, 18, 19, 21, 72, 76, 77, 79, 110, 111, 113, 126], "summary": {"covered_lines": 12, "num_statements": 12, "percent_covered": 100.0, "percent_covered_display": "100", "missing_lines": 0, "excluded_lines": 0, "num_branches": 0, "num_partial_branches": 0, "covered_branches": 0, "missing_branches": 0}, "missing_lines": [], "excluded_lines": [], "executed_branches": [], "missing_branches": []}}}, "src/pyvider/cty/exceptions/encoding.py": {"executed_lines": [6, 8, 10, 15, 25, 26, 39, 55, 56, 60, 61, 62, 64, 65, 66, 68, 69, 70, 71, 73, 74, 75, 76, 77, 78, 80, 81, 83, 86, 87, 99, 107, 110, 111, 112, 114, 115, 116, 118, 121, 122, 136, 145, 146, 149, 150, 151, 153, 154, 155, 159, 160, 161, 164, 172, 173, 185, 200, 201, 203, 206, 207, 208, 210, 211, 212, 214, 215, 217, 218, 219, 226, 228, 230, 233, 234, 247, 262, 265, 266, 268, 273, 276, 277, 289, 305, 306, 308, 309, 310, 311, 315, 318, 319, 331, 339, 342, 343, 355, 364, 366, 369, 370, 372, 373, 374, 377, 378, 390, 399, 400, 401, 402, 403, 404, 405, 408, 409, 421, 438, 439, 442, 446, 448, 449, 450, 451, 452, 453, 454, 456], "summary": {"covered_lines": 121, "num_statements": 130, "percent_covered": 91.37931034482759, "percent_covered_display": "91", "missing_lines": 9, "excluded_lines": 0, "num_branches": 44, "num_partial_branches": 4, "covered_branches": 38, "missing_branches": 6}, "missing_lines": [156, 157, 162, 222, 223, 269, 270, 271, 313], "excluded_lines": [], "executed_branches": [[64, 65], [64, 68], [68, 69], [68, 73], [74, 75], [74, 76], [76, 77], [76, 80], [80, 81], [80, 83], [114, 115], [114, 118], [153, 154], [153, 159], [155, 159], [159, 160], [159, 164], [161, 164], [210, 211], [210, 214], [214, 215], [214, 226], [226, 228], [226, 230], [268, 273], [308, 309], [308, 315], [309, 310], [369, -355], [369, 370], [401, -390], [401, 402], [448, 449], [448, 453], [450, 451], [450, 452], [453, 454], [453, 456]], "missing_branches": [[155, 156], [161, 162], [268, 269], [270, 271], [270, 273], [309, 313]], "functions": {"TransformationError.__init__": {"executed_lines": [55, 56, 60, 61, 62, 64, 65, 66, 68, 69, 70, 71, 73, 74, 75, 76, 77, 78, 80, 81, 83], "summary": {"covered_lines": 21, "num_statements": 21, "percent_covered": 100.0, "percent_covered_display": "100", "missing_lines": 0, "excluded_lines": 0, "num_branches": 10, "num_partial_branches": 0, "covered_branches": 10, "missing_branches": 0}, "missing_lines": [], "excluded_lines": [], "executed_branches": [[64, 65], [64, 68], [68, 69], [68, 73], [74, 75], [74, 76], [76, 77], [76, 80], [80, 81], [80, 83]], "missing_branches": []}, "InvalidTypeError.__init__": {"executed_lines": [107, 110, 111, 112, 114, 115, 116, 118], "summary": {"covered_lines": 8, "num_statements": 8, "percent_covered": 100.0, "percent_covered_display": "100", "missing_lines": 0, "excluded_lines": 0, "num_branches": 2, "num_partial_branches": 0, "covered_branches": 2, "missing_branches": 0}, "missing_lines": [], "excluded_lines": [], "executed_branches": [[114, 115], [114, 118]], "missing_branches": []}, "AttributePathError.__init__": {"executed_lines": [145, 146, 149, 150, 151, 153, 154, 155, 159, 160, 161, 164], "summary": {"covered_lines": 12, "num_statements": 15, "percent_covered": 78.26086956521739, "percent_covered_display": "78", "missing_lines": 3, "excluded_lines": 0, "num_branches": 8, "num_partial_branches": 2, "covered_branches": 6, "missing_branches": 2}, "missing_lines": [156, 157, 162], "excluded_lines": [], "executed_branches": [[153, 154], [153, 159], [155, 159], [159, 160], [159, 164], [161, 164]], "missing_branches": [[155, 156], [161, 162]]}, "EncodingError.__init__": {"executed_lines": [200, 201, 203, 206, 207, 208, 210, 211, 212, 214, 215, 217, 218, 219, 226, 228, 230], "summary": {"covered_lines": 17, "num_statements": 19, "percent_covered": 92.0, "percent_covered_display": "92", "missing_lines": 2, "excluded_lines": 0, "num_branches": 6, "num_partial_branches": 0, "covered_branches": 6, "missing_branches": 0}, "missing_lines": [222, 223], "excluded_lines": [], "executed_branches": [[210, 211], [210, 214], [214, 215], [214, 226], [226, 228], [226, 230]], "missing_branches": []}, "SerializationError.__init__": {"executed_lines": [262, 265, 266, 268, 273], "summary": {"covered_lines": 5, "num_statements": 8, "percent_covered": 50.0, "percent_covered_display": "50", "missing_lines": 3, "excluded_lines": 0, "num_branches": 4, "num_partial_branches": 1, "covered_branches": 1, "missing_branches": 3}, "missing_lines": [269, 270, 271], "excluded_lines": [], "executed_branches": [[268, 273]], "missing_branches": [[268, 269], [270, 271], [270, 273]]}, "DeserializationError.__init__": {"executed_lines": [305, 306, 308, 309, 310, 311, 315], "summary": {"covered_lines": 7, "num_statements": 8, "percent_covered": 83.33333333333333, "percent_covered_display": "83", "missing_lines": 1, "excluded_lines": 0, "num_branches": 4, "num_partial_branches": 1, "covered_branches": 3, "missing_branches": 1}, "missing_lines": [313], "excluded_lines": [], "executed_branches": [[308, 309], [308, 315], [309, 310]], "missing_branches": [[309, 313]]}, "DynamicValueError.__init__": {"executed_lines": [339], "summary": {"covered_lines": 1, "num_statements": 1, "percent_covered": 100.0, "percent_covered_display": "100", "missing_lines": 0, "excluded_lines": 0, "num_branches": 0, "num_partial_branches": 0, "covered_branches": 0, "missing_branches": 0}, "missing_lines": [], "excluded_lines": [], "executed_branches": [], "missing_branches": []}, "JsonEncodingError.__init__": {"executed_lines": [364, 366, 369, 370, 372, 373, 374], "summary": {"covered_lines": 7, "num_statements": 7, "percent_covered": 100.0, "percent_covered_display": "100", "missing_lines": 0, "excluded_lines": 0, "num_branches": 2, "num_partial_branches": 0, "covered_branches": 2, "missing_branches": 0}, "missing_lines": [], "excluded_lines": [], "executed_branches": [[369, -355], [369, 370]], "missing_branches": []}, "MsgPackEncodingError.__init__": {"executed_lines": [399, 400, 401, 402, 403, 404, 405], "summary": {"covered_lines": 7, "num_statements": 7, "percent_covered": 100.0, "percent_covered_display": "100", "missing_lines": 0, "excluded_lines": 0, "num_branches": 2, "num_partial_branches": 0, "covered_branches": 2, "missing_branches": 0}, "missing_lines": [], "excluded_lines": [], "executed_branches": [[401, -390], [401, 402]], "missing_branches": []}, "WireFormatError.__init__": {"executed_lines": [438, 439, 442, 446, 448, 449, 450, 451, 452, 453, 454, 456], "summary": {"covered_lines": 12, "num_statements": 12, "percent_covered": 100.0, "percent_covered_display": "100", "missing_lines": 0, "excluded_lines": 0, "num_branches": 6, "num_partial_branches": 0, "covered_branches": 6, "missing_branches": 0}, "missing_lines": [], "excluded_lines": [], "executed_branches": [[448, 449], [448, 453], [450, 451], [450, 452], [453, 454], [453, 456]], "missing_branches": []}, "": {"executed_lines": [6, 8, 10, 15, 25, 26, 39, 86, 87, 99, 121, 122, 136, 172, 173, 185, 233, 234, 247, 276, 277, 289, 318, 319, 331, 342, 343, 355, 377, 378, 390, 408, 409, 421], "summary": {"covered_lines": 24, "num_statements": 24, "percent_covered": 100.0, "percent_covered_display": "100", "missing_lines": 0, "excluded_lines": 0, "num_branches": 0, "num_partial_branches": 0, "covered_branches": 0, "missing_branches": 0}, "missing_lines": [], "excluded_lines": [], "executed_branches": [], "missing_branches": []}}, "classes": {"TransformationError": {"executed_lines": [55, 56, 60, 61, 62, 64, 65, 66, 68, 69, 70, 71, 73, 74, 75, 76, 77, 78, 80, 81, 83], "summary": {"covered_lines": 21, "num_statements": 21, "percent_covered": 100.0, "percent_covered_display": "100", "missing_lines": 0, "excluded_lines": 0, "num_branches": 10, "num_partial_branches": 0, "covered_branches": 10, "missing_branches": 0}, "missing_lines": [], "excluded_lines": [], "executed_branches": [[64, 65], [64, 68], [68, 69], [68, 73], [74, 75], [74, 76], [76, 77], [76, 80], [80, 81], [80, 83]], "missing_branches": []}, "InvalidTypeError": {"executed_lines": [107, 110, 111, 112, 114, 115, 116, 118], "summary": {"covered_lines": 8, "num_statements": 8, "percent_covered": 100.0, "percent_covered_display": "100", "missing_lines": 0, "excluded_lines": 0, "num_branches": 2, "num_partial_branches": 0, "covered_branches": 2, "missing_branches": 0}, "missing_lines": [], "excluded_lines": [], "executed_branches": [[114, 115], [114, 118]], "missing_branches": []}, "AttributePathError": {"executed_lines": [145, 146, 149, 150, 151, 153, 154, 155, 159, 160, 161, 164], "summary": {"covered_lines": 12, "num_statements": 15, "percent_covered": 78.26086956521739, "percent_covered_display": "78", "missing_lines": 3, "excluded_lines": 0, "num_branches": 8, "num_partial_branches": 2, "covered_branches": 6, "missing_branches": 2}, "missing_lines": [156, 157, 162], "excluded_lines": [], "executed_branches": [[153, 154], [153, 159], [155, 159], [159, 160], [159, 164], [161, 164]], "missing_branches": [[155, 156], [161, 162]]}, "EncodingError": {"executed_lines": [200, 201, 203, 206, 207, 208, 210, 211, 212, 214, 215, 217, 218, 219, 226, 228, 230], "summary": {"covered_lines": 17, "num_statements": 19, "percent_covered": 92.0, "percent_covered_display": "92", "missing_lines": 2, "excluded_lines": 0, "num_branches": 6, "num_partial_branches": 0, "covered_branches": 6, "missing_branches": 0}, "missing_lines": [222, 223], "excluded_lines": [], "executed_branches": [[210, 211], [210, 214], [214, 215], [214, 226], [226, 228], [226, 230]], "missing_branches": []}, "SerializationError": {"executed_lines": [262, 265, 266, 268, 273], "summary": {"covered_lines": 5, "num_statements": 8, "percent_covered": 50.0, "percent_covered_display": "50", "missing_lines": 3, "excluded_lines": 0, "num_branches": 4, "num_partial_branches": 1, "covered_branches": 1, "missing_branches": 3}, "missing_lines": [269, 270, 271], "excluded_lines": [], "executed_branches": [[268, 273]], "missing_branches": [[268, 269], [270, 271], [270, 273]]}, "DeserializationError": {"executed_lines": [305, 306, 308, 309, 310, 311, 315], "summary": {"covered_lines": 7, "num_statements": 8, "percent_covered": 83.33333333333333, "percent_covered_display": "83", "missing_lines": 1, "excluded_lines": 0, "num_branches": 4, "num_partial_branches": 1, "covered_branches": 3, "missing_branches": 1}, "missing_lines": [313], "excluded_lines": [], "executed_branches": [[308, 309], [308, 315], [309, 310]], "missing_branches": [[309, 313]]}, "DynamicValueError": {"executed_lines": [339], "summary": {"covered_lines": 1, "num_statements": 1, "percent_covered": 100.0, "percent_covered_display": "100", "missing_lines": 0, "excluded_lines": 0, "num_branches": 0, "num_partial_branches": 0, "covered_branches": 0, "missing_branches": 0}, "missing_lines": [], "excluded_lines": [], "executed_branches": [], "missing_branches": []}, "JsonEncodingError": {"executed_lines": [364, 366, 369, 370, 372, 373, 374], "summary": {"covered_lines": 7, "num_statements": 7, "percent_covered": 100.0, "percent_covered_display": "100", "missing_lines": 0, "excluded_lines": 0, "num_branches": 2, "num_partial_branches": 0, "covered_branches": 2, "missing_branches": 0}, "missing_lines": [], "excluded_lines": [], "executed_branches": [[369, -355], [369, 370]], "missing_branches": []}, "MsgPackEncodingError": {"executed_lines": [399, 400, 401, 402, 403, 404, 405], "summary": {"covered_lines": 7, "num_statements": 7, "percent_covered": 100.0, "percent_covered_display": "100", "missing_lines": 0, "excluded_lines": 0, "num_branches": 2, "num_partial_branches": 0, "covered_branches": 2, "missing_branches": 0}, "missing_lines": [], "excluded_lines": [], "executed_branches": [[401, -390], [401, 402]], "missing_branches": []}, "WireFormatError": {"executed_lines": [438, 439, 442, 446, 448, 449, 450, 451, 452, 453, 454, 456], "summary": {"covered_lines": 12, "num_statements": 12, "percent_covered": 100.0, "percent_covered_display": "100", "missing_lines": 0, "excluded_lines": 0, "num_branches": 6, "num_partial_branches": 0, "covered_branches": 6, "missing_branches": 0}, "missing_lines": [], "excluded_lines": [], "executed_branches": [[448, 449], [448, 453], [450, 451], [450, 452], [453, 454], [453, 456]], "missing_branches": []}, "": {"executed_lines": [6, 8, 10, 15, 25, 26, 39, 86, 87, 99, 121, 122, 136, 172, 173, 185, 233, 234, 247, 276, 277, 289, 318, 319, 331, 342, 343, 355, 377, 378, 390, 408, 409, 421], "summary": {"covered_lines": 24, "num_statements": 24, "percent_covered": 100.0, "percent_covered_display": "100", "missing_lines": 0, "excluded_lines": 0, "num_branches": 0, "num_partial_branches": 0, "covered_branches": 0, "missing_branches": 0}, "missing_lines": [], "excluded_lines": [], "executed_branches": [], "missing_branches": []}}}, "src/pyvider/cty/exceptions/validation.py": {"executed_lines": [6, 8, 10, 12, 17, 18, 24, 32, 33, 34, 35, 38, 41, 42, 43, 44, 45, 48, 49, 51, 52, 53, 58, 60, 62, 63, 65, 67, 68, 70, 71, 73, 76, 78, 79, 80, 84, 85, 93, 94, 95, 97, 100, 101, 109, 110, 111, 114, 118, 121, 122, 130, 131, 132, 135, 139, 143, 144, 147, 148, 158, 159, 161, 162, 164, 165, 167, 176, 177, 187, 188, 190, 193, 194, 196, 205, 206, 216, 217, 219, 223, 224, 226, 235, 236, 246, 247, 249, 250, 251, 253, 254, 256, 266, 267, 277, 278, 280, 282, 283, 286, 287, 289, 298, 299, 307, 308, 309, 311, 314, 315, 323, 324, 327, 328, 329, 331, 332, 333, 334, 336, 337, 338], "summary": {"covered_lines": 114, "num_statements": 124, "percent_covered": 90.74074074074075, "percent_covered_display": "91", "missing_lines": 10, "excluded_lines": 12, "num_branches": 38, "num_partial_branches": 5, "covered_branches": 33, "missing_branches": 5}, "missing_lines": [54, 55, 115, 116, 136, 137, 191, 220, 221, 284], "excluded_lines": [12, 13, 14, 65, 66, 67, 68, 69, 70, 71, 72, 73], "executed_branches": [[41, 42], [41, 43], [43, 44], [43, 48], [48, 49], [48, 58], [78, 79], [78, 80], [114, 118], [135, 139], [161, 162], [161, 164], [164, 165], [164, 167], [190, 193], [193, 194], [193, 196], [219, 223], [223, 224], [223, 226], [249, 250], [249, 253], [253, 254], [253, 256], [280, 282], [280, 286], [283, 286], [286, 287], [286, 289], [331, 332], [331, 333], [333, 334], [333, 336]], "missing_branches": [[114, 115], [135, 136], [190, 191], [219, 220], [283, 284]], "functions": {"CtyValidationError.__init__": {"executed_lines": [32, 33, 34, 35, 38, 41, 42, 43, 44, 45, 48, 49, 51, 52, 53, 58, 60], "summary": {"covered_lines": 17, "num_statements": 19, "percent_covered": 92.0, "percent_covered_display": "92", "missing_lines": 2, "excluded_lines": 0, "num_branches": 6, "num_partial_branches": 0, "covered_branches": 6, "missing_branches": 0}, "missing_lines": [54, 55], "excluded_lines": [], "executed_branches": [[41, 42], [41, 43], [43, 44], [43, 48], [48, 49], [48, 58]], "missing_branches": []}, "CtyValidationError._default_code": {"executed_lines": [63], "summary": {"covered_lines": 1, "num_statements": 1, "percent_covered": 100.0, "percent_covered_display": "100", "missing_lines": 0, "excluded_lines": 0, "num_branches": 0, "num_partial_branches": 0, "covered_branches": 0, "missing_branches": 0}, "missing_lines": [], "excluded_lines": [], "executed_branches": [], "missing_branches": []}, "CtyValidationError.__str__": {"executed_lines": [67, 68, 70, 71, 73], "summary": {"covered_lines": 0, "num_statements": 0, "percent_covered": 100.0, "percent_covered_display": "100", "missing_lines": 0, "excluded_lines": 8, "num_branches": 0, "num_partial_branches": 0, "covered_branches": 0, "missing_branches": 0}, "missing_lines": [], "excluded_lines": [66, 67, 68, 69, 70, 71, 72, 73], "executed_branches": [], "missing_branches": []}, "_get_type_name_from_original": {"executed_lines": [78, 79, 80], "summary": {"covered_lines": 3, "num_statements": 3, "percent_covered": 100.0, "percent_covered_display": "100", "missing_lines": 0, "excluded_lines": 0, "num_branches": 2, "num_partial_branches": 0, "covered_branches": 2, "missing_branches": 0}, "missing_lines": [], "excluded_lines": [], "executed_branches": [[78, 79], [78, 80]], "missing_branches": []
[...]
: {"executed_lines": [63], "summary": {"covered_lines": 1, "num_statements": 1, "percent_covered": 100.0, "percent_covered_display": "100", "missing_lines": 0, "excluded_lines": 0, "num_branches": 0, "num_partial_branches": 0, "covered_branches": 0, "missing_branches": 0}, "missing_lines": [], "excluded_lines": [], "executed_branches": [], "missing_branches": []}, "CtyValue.raw_value": {"executed_lines": [67, 68, 69, 70, 71, 72, 74], "summary": {"covered_lines": 7, "num_statements": 7, "percent_covered": 100.0, "percent_covered_display": "100", "missing_lines": 0, "excluded_lines": 0, "num_branches": 4, "num_partial_branches": 0, "covered_branches": 4, "missing_branches": 0}, "missing_lines": [], "excluded_lines": [], "executed_branches": [[67, 68], [67, 70], [70, 71], [70, 72]], "missing_branches": []}, "CtyValue._canonical_sort_key": {"executed_lines": [77, 89, 90, 91, 92, 94, 95, 97, 98, 100, 105, 107, 108, 109, 111, 116, 117, 122, 123], "summary": {"covered_lines": 19, "num_statements": 20, "percent_covered": 94.11764705882354, "percent_covered_display": "94", "missing_lines": 1, "excluded_lines": 0, "num_branches": 14, "num_partial_branches": 1, "covered_branches": 13, "missing_branches": 1}, "missing_lines": [126], "excluded_lines": [], "executed_branches": [[89, 90], [89, 91], [91, 92], [91, 94], [97, 98], [97, 100], [100, 105], [100, 107], [107, 108], [107, 111], [111, 116], [111, 122], [122, 123]], "missing_branches": [[122, 126]]}, "CtyValue.__eq__": {"executed_lines": [129, 130, 131, 133, 134, 136], "summary": {"covered_lines": 6, "num_statements": 6, "percent_covered": 100.0, "percent_covered_display": "100", "missing_lines": 0, "excluded_lines": 0, "num_branches": 4, "num_partial_branches": 0, "covered_branches": 4, "missing_branches": 0}, "missing_lines": [], "excluded_lines": [], "executed_branches": [[129, 130], [129, 131], [133, 134], [133, 136]], "missing_branches": []}, "CtyValue._check_comparable": {"executed_lines": [145, 147, 148, 149, 150, 151, 152, 153, 154, 155, 156, 157, 158, 159], "summary": {"covered_lines": 14, "num_statements": 14, "percent_covered": 100.0, "percent_covered_display": "100", "missing_lines": 0, "excluded_lines": 0, "num_branches": 8, "num_partial_branches": 0, "covered_branches": 8, "missing_branches": 0}, "missing_lines": [], "excluded_lines": [], "executed_branches": [[147, 148], [147, 150], [150, 151], [150, 153], [153, 154], [153, 156], [156, 157], [156, 159]], "missing_branches": []}, "CtyValue.__lt__": {"executed_lines": [162, 163, 164], "summary": {"covered_lines": 3, "num_statements": 5, "percent_covered": 57.142857142857146, "percent_covered_display": "57", "missing_lines": 2, "excluded_lines": 0, "num_branches": 2, "num_partial_branches": 1, "covered_branches": 1, "missing_branches": 1}, "missing_lines": [165, 166], "excluded_lines": [], "executed_branches": [[163, 164]], "missing_branches": [[163, 165]]}, "CtyValue.__le__": {"executed_lines": [169, 170, 171], "summary": {"covered_lines": 3, "num_statements": 5, "percent_covered": 57.142857142857146, "percent_covered_display": "57", "missing_lines": 2, "excluded_lines": 0, "num_branches": 2, "num_partial_branches": 1, "covered_branches": 1, "missing_branches": 1}, "missing_lines": [172, 173], "excluded_lines": [], "executed_branches": [[170, 171]], "missing_branches": [[170, 172]]}, "CtyValue.__gt__": {"executed_lines": [176, 177, 178], "summary": {"covered_lines": 3, "num_statements": 5, "percent_covered": 57.142857142857146, "percent_covered_display": "57", "missing_lines": 2, "excluded_lines": 0, "num_branches": 2, "num_partial_branches": 1, "covered_branches": 1, "missing_branches": 1}, "missing_lines": [179, 180], "excluded_lines": [], "executed_branches": [[177, 178]], "missing_branches": [[177, 179]]}, "CtyValue.__ge__": {"executed_lines": [183, 184, 185], "summary": {"covered_lines": 3, "num_statements": 5, "percent_covered": 57.142857142857146, "percent_covered_display": "57", "missing_lines": 2, "excluded_lines": 0, "num_branches": 2, "num_partial_branches": 1, "covered_branches": 1, "missing_branches": 1}, "missing_lines": [186, 187], "excluded_lines": [], "executed_branches": [[184, 185]], "missing_branches": [[184, 186]]}, "CtyValue.__contains__": {"executed_lines": [190, 191, 192, 193], "summary": {"covered_lines": 4, "num_statements": 5, "percent_covered": 77.77777777777777, "percent_covered_display": "78", "missing_lines": 1, "excluded_lines": 0, "num_branches": 4, "num_partial_branches": 1, "covered_branches": 3, "missing_branches": 1}, "missing_lines": [194], "excluded_lines": [], "executed_branches": [[190, 191], [190, 192], [192, 193]], "missing_branches": [[192, 194]]}, "CtyValue.__bool__": {"executed_lines": [197, 199, 200, 201, 202, 203], "summary": {"covered_lines": 6, "num_statements": 6, "percent_covered": 100.0, "percent_covered_display": "100", "missing_lines": 0, "excluded_lines": 0, "num_branches": 4, "num_partial_branches": 0, "covered_branches": 4, "missing_branches": 0}, "missing_lines": [], "excluded_lines": [], "executed_branches": [[199, 200], [199, 201], [201, 202], [201, 203]], "missing_branches": []}, "CtyValue.__len__": {"executed_lines": [206, 208, 209, 210, 211, 212, 213, 214, 215, 216, 217, 218], "summary": {"covered_lines": 12, "num_statements": 12, "percent_covered": 100.0, "percent_covered_display": "100", "missing_lines": 0, "excluded_lines": 0, "num_branches": 8, "num_partial_branches": 0, "covered_branches": 8, "missing_branches": 0}, "missing_lines": [], "excluded_lines": [], "executed_branches": [[208, 209], [208, 211], [211, 212], [211, 213], [213, 214], [213, 215], [215, 216], [215, 217]], "missing_branches": []}, "CtyValue.__iter__": {"executed_lines": [221, 223, 224, 225, 226, 227, 228, 229, 230, 231, 233, 234], "summary": {"covered_lines": 12, "num_statements": 12, "percent_covered": 100.0, "percent_covered_display": "100", "missing_lines": 0, "excluded_lines": 0, "num_branches": 8, "num_partial_branches": 0, "covered_branches": 8, "missing_branches": 0}, "missing_lines": [], "excluded_lines": [], "executed_branches": [[223, 224], [223, 226], [226, 227], [226, 228], [228, 229], [228, 230], [230, 231], [230, 233]], "missing_branches": []}, "CtyValue.__getitem__": {"executed_lines": [237, 239, 240, 241, 242, 243, 244, 245, 246, 247, 249, 250, 251, 252, 254, 255, 256, 257], "summary": {"covered_lines": 18, "num_statements": 20, "percent_covered": 88.88888888888889, "percent_covered_display": "89", "missing_lines": 2, "excluded_lines": 0, "num_branches": 16, "num_partial_branches": 2, "covered_branches": 14, "missing_branches": 2}, "missing_lines": [248, 253], "excluded_lines": [], "executed_branches": [[239, 240], [239, 242], [242, 243], [242, 246], [243, 244], [243, 245], [246, 247], [246, 252], [247, 249], [249, 250], [249, 251], [252, 254], [254, 255], [254, 256]], "missing_branches": [[247, 248], [252, 253]]}, "CtyValue.__hash__": {"executed_lines": [260, 268, 269, 271, 272, 273, 275, 276, 277], "summary": {"covered_lines": 9, "num_statements": 9, "percent_covered": 100.0, "percent_covered_display": "100", "missing_lines": 0, "excluded_lines": 0, "num_branches": 6, "num_partial_branches": 0, "covered_branches": 6, "missing_branches": 0}, "missing_lines": [], "excluded_lines": [], "executed_branches": [[268, 269], [268, 271], [271, 272], [271, 275], [275, 276], [275, 277]], "missing_branches": []}, "CtyValue.has_mark": {"executed_lines": [280], "summary": {"covered_lines": 1, "num_statements": 1, "percent_covered": 100.0, "percent_covered_display": "100", "missing_lines": 0, "excluded_lines": 0, "num_branches": 0, "num_partial_branches": 0, "covered_branches": 0, "missing_branches": 0}, "missing_lines": [], "excluded_lines": [], "executed_branches": [], "missing_branches": []}, "CtyValue.mark": {"executed_lines": [283], "summary": {"covered_lines": 1, "num_statements": 1, "percent_covered": 100.0, "percent_covered_display": "100", "missing_lines": 0, "excluded_lines": 0, "num_branches": 0, "num_partial_branches": 0, "covered_branches": 0, "missing_branches": 0}, "missing_lines": [], "excluded_lines": [], "executed_branches": [], "missing_branches": []}, "CtyValue.with_marks": {"executed_lines": [286], "summary": {"covered_lines": 1, "num_statements": 1, "percent_covered": 100.0, "percent_covered_display": "100", "missing_lines": 0, "excluded_lines": 0, "num_branches": 0, "num_partial_branches": 0, "covered_branches": 0, "missing_branches": 0}, "missing_lines": [], "excluded_lines": [], "executed_branches": [], "missing_branches": []}, "CtyValue.unmark": {"executed_lines": [289, 290], "summary": {"covered_lines": 2, "num_statements": 2, "percent_covered": 100.0, "percent_covered_display": "100", "missing_lines": 0, "excluded_lines": 0, "num_branches": 0, "num_partial_branches": 0, "covered_branches": 0, "missing_branches": 0}, "missing_lines": [], "excluded_lines": [], "executed_branches": [], "missing_branches": []}, "CtyValue.is_true": {"executed_lines": [293, 295, 296, 297], "summary": {"covered_lines": 4, "num_statements": 4, "percent_covered": 100.0, "percent_covered_display": "100", "missing_lines": 0, "excluded_lines": 0, "num_branches": 2, "num_partial_branches": 0, "covered_branches": 2, "missing_branches": 0}, "missing_lines": [], "excluded_lines": [], "executed_branches": [[295, 296], [295, 297]], "missing_branches": []}, "CtyValue.is_false": {"executed_lines": [300, 302, 303, 304], "summary": {"covered_lines": 4, "num_statements": 4, "percent_covered": 100.0, "percent_covered_display": "100", "missing_lines": 0, "excluded_lines": 0, "num_branches": 2, "num_partial_branches": 0, "covered_branches": 2, "missing_branches": 0}, "missing_lines": [], "excluded_lines": [], "executed_branches": [[302, 303], [302, 304]], "missing_branches": []}, "CtyValue.is_empty": {"executed_lines": [307], "summary": {"covered_lines": 1, "num_statements": 1, "percent_covered": 100.0, "percent_covered_display": "100", "missing_lines": 0, "excluded_lines": 0, "num_branches": 0, "num_partial_branches": 0, "covered_branches": 0, "missing_branches": 0}, "missing_lines": [], "excluded_lines": [], "executed_branches": [], "missing_branches": []}, "CtyValue.with_key": {"executed_lines": [310, 312, 313, 314, 315, 316, 317, 319], "summary": {"covered_lines": 8, "num_statements": 8, "percent_covered": 100.0, "percent_covered_display": "100", "missing_lines": 0, "excluded_lines": 0, "num_branches": 4, "num_partial_branches": 0, "covered_branches": 4, "missing_branches": 0}, "missing_lines": [], "excluded_lines": [], "executed_branches": [[312, 313], [312, 314], [314, 315], [314, 316]], "missing_branches": []}, "CtyValue.without_key": {"executed_lines": [322, 324, 326, 327, 328, 329, 330, 331, 333], "summary": {"covered_lines": 9, "num_statements": 10, "percent_covered": 87.5, "percent_covered_display": "88", "missing_lines": 1, "excluded_lines": 0, "num_branches": 6, "num_partial_branches": 1, "covered_branches": 5, "missing_branches": 1}, "missing_lines": [325], "excluded_lines": [], "executed_branches": [[324, 326], [326, 327], [326, 328], [328, 329], [328, 330]], "missing_branches": [[324, 325]]}, "CtyValue.append": {"executed_lines": [336, 338, 339, 340, 341, 342, 343, 345], "summary": {"covered_lines": 8, "num_statements": 8, "percent_covered": 100.0, "percent_covered_display": "100", "missing_lines": 0, "excluded_lines": 0, "num_branches": 4, "num_partial_branches": 0, "covered_branches": 4, "missing_branches": 0}, "missing_lines": [], "excluded_lines": [], "executed_branches": [[338, 339], [338, 340], [340, 341], [340, 342]], "missing_branches": []}, "CtyValue.with_element_at": {"executed_lines": [348, 350, 352, 353, 354, 355, 356, 357, 359], "summary": {"covered_lines": 9, "num_statements": 10, "percent_covered": 87.5, "percent_covered_display": "88", "missing_lines": 1, "excluded_lines": 0, "num_branches": 6, "num_partial_branches": 1, "covered_branches": 5, "missing_branches": 1}, "missing_lines": [351], "excluded_lines": [], "executed_branches": [[350, 352], [352, 353], [352, 354], [355, 356], [355, 357]], "missing_branches": [[350, 351]]}, "CtyValue.unknown": {"executed_lines": [363], "summary": {"covered_lines": 1, "num_statements": 1, "percent_covered": 100.0, "percent_covered_display": "100", "missing_lines": 0, "excluded_lines": 0, "num_branches": 0, "num_partial_branches": 0, "covered_branches": 0, "missing_branches": 0}, "missing_lines": [], "excluded_lines": [], "executed_branches": [], "missing_branches": []}, "CtyValue.null": {"executed_lines": [367], "summary": {"covered_lines": 1, "num_statements": 1, "percent_covered": 100.0, "percent_covered_display": "100", "missing_lines": 0, "excluded_lines": 0, "num_branches": 0, "num_partial_branches": 0, "covered_branches": 0, "missing_branches": 0}, "missing_lines": [], "excluded_lines": [], "executed_branches": [], "missing_branches": []}, "": {"executed_lines": [6, 8, 9, 17, 19, 33, 35, 37, 41, 42, 43, 44, 45, 46, 47, 49, 61, 62, 65, 66, 76, 128, 144, 161, 168, 175, 182, 189, 196, 205, 220, 236, 259, 279, 282, 285, 288, 292, 299, 306, 309, 321, 335, 347, 361, 362, 365, 366], "summary": {"covered_lines": 47, "num_statements": 47, "percent_covered": 100.0, "percent_covered_display": "100", "missing_lines": 0, "excluded_lines": 2, "num_branches": 0, "num_partial_branches": 0, "covered_branches": 0, "missing_branches": 0}, "missing_lines": [], "excluded_lines": [37, 38], "executed_branches": [], "missing_branches": []}}, "classes": {"CtyValue": {"executed_lines": [50, 52, 53, 54, 56, 57, 58, 59, 63, 67, 68, 69, 70, 71, 72, 74, 77, 89, 90, 91, 92, 94, 95, 97, 98, 100, 105, 107, 108, 109, 111, 116, 117, 122, 123, 129, 130, 131, 133, 134, 136, 145, 147, 148, 149, 150, 151, 152, 153, 154, 155, 156, 157, 158, 159, 162, 163, 164, 169, 170, 171, 176, 177, 178, 183, 184, 185, 190, 191, 192, 193, 197, 199, 200, 201, 202, 203, 206, 208, 209, 210, 211, 212, 213, 214, 215, 216, 217, 218, 221, 223, 224, 225, 226, 227, 228, 229, 230, 231, 233, 234, 237, 239, 240, 241, 242, 243, 244, 245, 246, 247, 249, 250, 251, 252, 254, 255, 256, 257, 260, 268, 269, 271, 272, 273, 275, 276, 277, 280, 283, 286, 289, 290, 293, 295, 296, 297, 300, 302, 303, 304, 307, 310, 312, 313, 314, 315, 316, 317, 319, 322, 324, 326, 327, 328, 329, 330, 331, 333, 336, 338, 339, 340, 341, 342, 343, 345, 348, 350, 352, 353, 354, 355, 356, 357, 359, 363, 367], "summary": {"covered_lines": 178, "num_statements": 192, "percent_covered": 92.15686274509804, "percent_covered_display": "92", "missing_lines": 14, "excluded_lines": 0, "num_branches": 114, "num_partial_branches": 10, "covered_branches": 104, "missing_branches": 10}, "missing_lines": [126, 165, 166, 172, 173, 179, 180, 186, 187, 194, 248, 253, 325, 351], "excluded_lines": [], "executed_branches": [[52, 53], [52, 56], [56, 57], [56, 58], [58, -49], [58, 59], [67, 68], [67, 70], [70, 71], [70, 72], [89, 90], [89, 91], [91, 92], [91, 94], [97, 98], [97, 100], [100, 105], [100, 107], [107, 108], [107, 111], [111, 116], [111, 122], [122, 123], [129, 130], [129, 131], [133, 134], [133, 136], [147, 148], [147, 150], [150, 151], [150, 153], [153, 154], [153, 156], [156, 157], [156, 159], [163, 164], [170, 171], [177, 178], [184, 185], [190, 191], [190, 192], [192, 193], [199, 200], [199, 201], [201, 202], [201, 203], [208, 209], [208, 211], [211, 212], [211, 213], [213, 214], [213, 215], [215, 216], [215, 217], [223, 224], [223, 226], [226, 227], [226, 228], [228, 229], [228, 230], [230, 231], [230, 233], [239, 240], [239, 242], [242, 243], [242, 246], [243, 244], [243, 245], [246, 247], [246, 252], [247, 249], [249, 250], [249, 251], [252, 254], [254, 255], [254, 256], [268, 269], [268, 271], [271, 272], [271, 275], [275, 276], [275, 277], [295, 296], [295, 297], [302, 303], [302, 304], [312, 313], [312, 314], [314, 315], [314, 316], [324, 326], [326, 327], [326, 328], [328, 329], [328, 330], [338, 339], [338, 340], [340, 341], [340, 342], [350, 352], [352, 353], [352, 354], [355, 356], [355, 357]], "missing_branches": [[122, 126], [163, 165], [170, 172], [177, 179], [184, 186], [192, 194], [247, 248], [252, 253], [324, 325], [350, 351]]}, "": {"executed_lines": [6, 8, 9, 17, 19, 33, 35, 37, 41, 42, 43, 44, 45, 46, 47, 49, 61, 62, 65, 66, 76, 128, 144, 161, 168, 175, 182, 189, 196, 205, 220, 236, 259, 279, 282, 285, 288, 292, 299, 306, 309, 321, 335, 347, 361, 362, 365, 366], "summary": {"covered_lines": 47, "num_statements": 47, "percent_covered": 100.0, "percent_covered_display": "100", "missing_lines": 0, "excluded_lines": 2, "num_branches": 0, "num_partial_branches": 0, "covered_branches": 0, "missing_branches": 0}, "missing_lines": [], "excluded_lines": [37, 38], "executed_branches": [], "missing_branches": []}}}, "src/pyvider/cty/values/markers.py": {"executed_lines": [6, 8, 10, 13, 18, 19, 21, 24, 25, 27, 28, 31, 32, 33, 35, 36, 37, 38, 39, 40, 44], "summary": {"covered_lines": 15, "num_statements": 15, "percent_covered": 100.0, "percent_covered_display": "100", "missing_lines": 0, "excluded_lines": 3, "num_branches": 0, "num_partial_branches": 0, "covered_branches": 0, "missing_branches": 0}, "missing_lines": [], "excluded_lines": [21, 27, 28], "executed_branches": [], "missing_branches": [], "functions": {"UnrefinedUnknownValue.__repr__": {"executed_lines": [28], "summary": {"covered_lines": 0, "num_statements": 0, "percent_covered": 100.0, "percent_covered_display": "100", "missing_lines": 0, "excluded_lines": 1, "num_branches": 0, "num_partial_branches": 0, "covered_branches": 0, "missing_branches": 0}, "missing_lines": [], "excluded_lines": [28], "executed_branches": [], "missing_branches": []}, "": {"executed_lines": [6, 8, 10, 13, 18, 19, 21, 24, 25, 27, 31, 32, 33, 35, 36, 37, 38, 39, 40, 44], "summary": {"covered_lines": 15, "num_statements": 15, "percent_covered": 100.0, "percent_covered_display": "100", "missing_lines": 0, "excluded_lines": 2, "num_branches": 0, "num_partial_branches": 0, "covered_branches": 0, "missing_branches": 0}, "missing_lines": [], "excluded_lines": [21, 27], "executed_branches": [], "missing_branches": []}}, "classes": {"UnknownValue": {"executed_lines": [], "summary": {"covered_lines": 0, "num_statements": 0, "percent_covered": 100.0, "percent_covered_display": "100", "missing_lines": 0, "excluded_lines": 0, "num_branches": 0, "num_partial_branches": 0, "covered_branches": 0, "missing_branches": 0}, "missing_lines": [], "excluded_lines": [], "executed_branches": [], "missing_branches": []}, "UnrefinedUnknownValue": {"executed_lines": [28], "summary": {"covered_lines": 0, "num_statements": 0, "percent_covered": 100.0, "percent_covered_display": "100", "missing_lines": 0, "excluded_lines": 1, "num_branches": 0, "num_partial_branches": 0, "covered_branches": 0, "missing_branches": 0}, "missing_lines": [], "excluded_lines": [28], "executed_branches": [], "missing_branches": []}, "RefinedUnknownValue": {"executed_lines": [], "summary": {"covered_lines": 0, "num_statements": 0, "percent_covered": 100.0, "percent_covered_display": "100", "missing_lines": 0, "excluded_lines": 0, "num_branches": 0, "num_partial_branches": 0, "covered_branches": 0, "missing_branches": 0}, "missing_lines": [], "excluded_lines": [], "executed_branches": [], "missing_branches": []}, "": {"executed_lines": [6, 8, 10, 13, 18, 19, 21, 24, 25, 27, 31, 32, 33, 35, 36, 37, 38, 39, 40, 44], "summary": {"covered_lines": 15, "num_statements": 15, "percent_covered": 100.0, "percent_covered_display": "100", "missing_lines": 0, "excluded_lines": 2, "num_branches": 0, "num_partial_branches": 0, "covered_branches": 0, "missing_branches": 0}, "missing_lines": [], "excluded_lines": [21, 27], "executed_branches": [], "missing_branches": []}}}}, "totals": {"covered_lines": 3406, "num_statements": 3558, "percent_covered": 94.26197071626434, "percent_covered_display": "94", "missing_lines": 152, "excluded_lines": 96, "num_branches": 1496, "num_partial_branches": 126, "covered_branches": 1358, "missing_branches": 138}}